15:01:28.861 logback [main] WARN  o.s.b.t.j.DuplicateJsonObjectContextCustomizerFactory$DuplicateJsonObjectContextCustomizer - 

Found multiple occurrences of org.json.JSONObject on the class path:

	jar:file:/Users/cengyujun/.m2/repository/com/vaadin/external/google/android-json/0.0.20131108.vaadin1/android-json-0.0.20131108.vaadin1.jar!/org/json/JSONObject.class
	jar:file:/Users/cengyujun/.m2/repository/org/json/json/20170516/json-20170516.jar!/org/json/JSONObject.class

You may wish to exclude one of them to ensure predictable runtime behavior

15:01:28.878 logback [main] INFO  c.e.s.SpringbootSonApplicationTests - Starting SpringbootSonApplicationTests on cengyujundeMacBook-Pro.local with PID 1395 (started by cengyujun in /Users/cengyujun/java_objct/springboot_son)
15:01:28.878 logback [main] INFO  c.e.s.SpringbootSonApplicationTests - The following profiles are active: dev
15:01:29.698 logback [main] INFO  o.s.d.r.c.RepositoryConfigurationDelegate - Multiple Spring Data modules found, entering strict repository configuration mode!
15:01:29.701 logback [main] INFO  o.s.d.r.c.RepositoryConfigurationDelegate - Bootstrapping Spring Data Redis repositories in DEFAULT mode.
15:01:29.734 logback [main] INFO  o.s.d.r.c.RepositoryConfigurationDelegate - Finished Spring Data repository scanning in 17ms. Found 0 Redis repository interfaces.
15:01:31.704 logback [main] INFO  o.s.s.c.ThreadPoolTaskExecutor - Initializing ExecutorService 'applicationTaskExecutor'
15:01:31.840 logback [main] WARN  o.s.b.a.t.ThymeleafAutoConfiguration$DefaultTemplateResolverConfiguration - Cannot find template location: classpath:/templates/ (please add some templates or check your Thymeleaf configuration)
15:01:32.071 logback [main] INFO  s.d.s.w.p.DocumentationPluginsBootstrapper - Context refreshed
15:01:32.090 logback [main] INFO  s.d.s.w.p.DocumentationPluginsBootstrapper - Found 1 custom documentation plugin(s)
15:01:32.108 logback [main] INFO  s.d.s.w.s.ApiListingReferenceScanner - Scanning for api listing references
15:01:32.284 logback [main] INFO  c.e.s.SpringbootSonApplicationTests - Started SpringbootSonApplicationTests in 4.0 seconds (JVM running for 5.162)
15:01:32.965 logback [SpringContextShutdownHook] INFO  o.s.s.c.ThreadPoolTaskExecutor - Shutting down ExecutorService 'applicationTaskExecutor'
15:07:29.206 logback [main] WARN  o.s.b.t.j.DuplicateJsonObjectContextCustomizerFactory$DuplicateJsonObjectContextCustomizer - 

Found multiple occurrences of org.json.JSONObject on the class path:

	jar:file:/Users/cengyujun/.m2/repository/com/vaadin/external/google/android-json/0.0.20131108.vaadin1/android-json-0.0.20131108.vaadin1.jar!/org/json/JSONObject.class
	jar:file:/Users/cengyujun/.m2/repository/org/json/json/20170516/json-20170516.jar!/org/json/JSONObject.class

You may wish to exclude one of them to ensure predictable runtime behavior

15:07:29.219 logback [main] INFO  c.e.s.SpringbootSonApplicationTests - Starting SpringbootSonApplicationTests on cengyujundeMacBook-Pro.local with PID 1427 (started by cengyujun in /Users/cengyujun/java_objct/springboot_son)
15:07:29.219 logback [main] INFO  c.e.s.SpringbootSonApplicationTests - The following profiles are active: dev
15:07:30.009 logback [main] INFO  o.s.d.r.c.RepositoryConfigurationDelegate - Multiple Spring Data modules found, entering strict repository configuration mode!
15:07:30.012 logback [main] INFO  o.s.d.r.c.RepositoryConfigurationDelegate - Bootstrapping Spring Data Redis repositories in DEFAULT mode.
15:07:30.047 logback [main] INFO  o.s.d.r.c.RepositoryConfigurationDelegate - Finished Spring Data repository scanning in 17ms. Found 0 Redis repository interfaces.
15:07:31.866 logback [main] INFO  o.s.s.c.ThreadPoolTaskExecutor - Initializing ExecutorService 'applicationTaskExecutor'
15:07:32.007 logback [main] WARN  o.s.b.a.t.ThymeleafAutoConfiguration$DefaultTemplateResolverConfiguration - Cannot find template location: classpath:/templates/ (please add some templates or check your Thymeleaf configuration)
15:07:32.258 logback [main] INFO  s.d.s.w.p.DocumentationPluginsBootstrapper - Context refreshed
15:07:32.274 logback [main] INFO  s.d.s.w.p.DocumentationPluginsBootstrapper - Found 1 custom documentation plugin(s)
15:07:32.291 logback [main] INFO  s.d.s.w.s.ApiListingReferenceScanner - Scanning for api listing references
15:07:32.446 logback [main] INFO  c.e.s.SpringbootSonApplicationTests - Started SpringbootSonApplicationTests in 3.681 seconds (JVM running for 4.609)
15:07:32.917 logback [SpringContextShutdownHook] INFO  o.s.s.c.ThreadPoolTaskExecutor - Shutting down ExecutorService 'applicationTaskExecutor'
15:10:33.665 logback [main] WARN  o.s.b.t.j.DuplicateJsonObjectContextCustomizerFactory$DuplicateJsonObjectContextCustomizer - 

Found multiple occurrences of org.json.JSONObject on the class path:

	jar:file:/Users/cengyujun/.m2/repository/com/vaadin/external/google/android-json/0.0.20131108.vaadin1/android-json-0.0.20131108.vaadin1.jar!/org/json/JSONObject.class
	jar:file:/Users/cengyujun/.m2/repository/org/json/json/20170516/json-20170516.jar!/org/json/JSONObject.class

You may wish to exclude one of them to ensure predictable runtime behavior

15:10:33.681 logback [main] INFO  c.e.s.SpringbootSonApplicationTests - Starting SpringbootSonApplicationTests on cengyujundeMacBook-Pro.local with PID 1440 (started by cengyujun in /Users/cengyujun/java_objct/springboot_son)
15:10:33.682 logback [main] INFO  c.e.s.SpringbootSonApplicationTests - The following profiles are active: dev
15:10:34.407 logback [main] INFO  o.s.d.r.c.RepositoryConfigurationDelegate - Multiple Spring Data modules found, entering strict repository configuration mode!
15:10:34.409 logback [main] INFO  o.s.d.r.c.RepositoryConfigurationDelegate - Bootstrapping Spring Data Redis repositories in DEFAULT mode.
15:10:34.434 logback [main] INFO  o.s.d.r.c.RepositoryConfigurationDelegate - Finished Spring Data repository scanning in 14ms. Found 0 Redis repository interfaces.
15:10:36.133 logback [main] INFO  o.s.s.c.ThreadPoolTaskExecutor - Initializing ExecutorService 'applicationTaskExecutor'
15:10:36.281 logback [main] WARN  o.s.b.a.t.ThymeleafAutoConfiguration$DefaultTemplateResolverConfiguration - Cannot find template location: classpath:/templates/ (please add some templates or check your Thymeleaf configuration)
15:10:36.499 logback [main] INFO  s.d.s.w.p.DocumentationPluginsBootstrapper - Context refreshed
15:10:36.515 logback [main] INFO  s.d.s.w.p.DocumentationPluginsBootstrapper - Found 1 custom documentation plugin(s)
15:10:36.531 logback [main] INFO  s.d.s.w.s.ApiListingReferenceScanner - Scanning for api listing references
15:10:36.678 logback [main] INFO  c.e.s.SpringbootSonApplicationTests - Started SpringbootSonApplicationTests in 3.462 seconds (JVM running for 4.368)
15:10:37.144 logback [SpringContextShutdownHook] INFO  o.s.s.c.ThreadPoolTaskExecutor - Shutting down ExecutorService 'applicationTaskExecutor'
15:11:59.079 logback [main] WARN  o.s.b.t.j.DuplicateJsonObjectContextCustomizerFactory$DuplicateJsonObjectContextCustomizer - 

Found multiple occurrences of org.json.JSONObject on the class path:

	jar:file:/Users/cengyujun/.m2/repository/com/vaadin/external/google/android-json/0.0.20131108.vaadin1/android-json-0.0.20131108.vaadin1.jar!/org/json/JSONObject.class
	jar:file:/Users/cengyujun/.m2/repository/org/json/json/20170516/json-20170516.jar!/org/json/JSONObject.class

You may wish to exclude one of them to ensure predictable runtime behavior

15:11:59.093 logback [main] INFO  c.e.s.SpringbootSonApplicationTests - Starting SpringbootSonApplicationTests on cengyujundeMacBook-Pro.local with PID 1452 (started by cengyujun in /Users/cengyujun/java_objct/springboot_son)
15:11:59.094 logback [main] INFO  c.e.s.SpringbootSonApplicationTests - The following profiles are active: dev
15:11:59.887 logback [main] INFO  o.s.d.r.c.RepositoryConfigurationDelegate - Multiple Spring Data modules found, entering strict repository configuration mode!
15:11:59.891 logback [main] INFO  o.s.d.r.c.RepositoryConfigurationDelegate - Bootstrapping Spring Data Redis repositories in DEFAULT mode.
15:11:59.922 logback [main] INFO  o.s.d.r.c.RepositoryConfigurationDelegate - Finished Spring Data repository scanning in 18ms. Found 0 Redis repository interfaces.
15:12:01.796 logback [main] INFO  o.s.s.c.ThreadPoolTaskExecutor - Initializing ExecutorService 'applicationTaskExecutor'
15:12:01.942 logback [main] WARN  o.s.b.a.t.ThymeleafAutoConfiguration$DefaultTemplateResolverConfiguration - Cannot find template location: classpath:/templates/ (please add some templates or check your Thymeleaf configuration)
15:12:02.193 logback [main] INFO  s.d.s.w.p.DocumentationPluginsBootstrapper - Context refreshed
15:12:02.211 logback [main] INFO  s.d.s.w.p.DocumentationPluginsBootstrapper - Found 1 custom documentation plugin(s)
15:12:02.230 logback [main] INFO  s.d.s.w.s.ApiListingReferenceScanner - Scanning for api listing references
15:12:02.405 logback [main] INFO  c.e.s.SpringbootSonApplicationTests - Started SpringbootSonApplicationTests in 3.837 seconds (JVM running for 4.803)
15:12:02.887 logback [SpringContextShutdownHook] INFO  o.s.s.c.ThreadPoolTaskExecutor - Shutting down ExecutorService 'applicationTaskExecutor'
17:20:35.892 logback [main] WARN  o.s.b.t.j.DuplicateJsonObjectContextCustomizerFactory$DuplicateJsonObjectContextCustomizer - 

Found multiple occurrences of org.json.JSONObject on the class path:

	jar:file:/Users/cengyujun/.m2/repository/com/vaadin/external/google/android-json/0.0.20131108.vaadin1/android-json-0.0.20131108.vaadin1.jar!/org/json/JSONObject.class
	jar:file:/Users/cengyujun/.m2/repository/org/json/json/20170516/json-20170516.jar!/org/json/JSONObject.class

You may wish to exclude one of them to ensure predictable runtime behavior

17:20:35.909 logback [main] INFO  c.e.s.SpringbootSonApplicationTests - Starting SpringbootSonApplicationTests on cengyujundeMacBook-Pro.local with PID 1645 (started by cengyujun in /Users/cengyujun/java_objct/springboot_son)
17:20:35.909 logback [main] INFO  c.e.s.SpringbootSonApplicationTests - The following profiles are active: dev
17:20:36.768 logback [main] INFO  o.s.d.r.c.RepositoryConfigurationDelegate - Multiple Spring Data modules found, entering strict repository configuration mode!
17:20:36.771 logback [main] INFO  o.s.d.r.c.RepositoryConfigurationDelegate - Bootstrapping Spring Data Redis repositories in DEFAULT mode.
17:20:36.806 logback [main] INFO  o.s.d.r.c.RepositoryConfigurationDelegate - Finished Spring Data repository scanning in 17ms. Found 0 Redis repository interfaces.
17:20:38.842 logback [main] INFO  o.s.s.c.ThreadPoolTaskExecutor - Initializing ExecutorService 'applicationTaskExecutor'
17:20:38.979 logback [main] WARN  o.s.b.a.t.ThymeleafAutoConfiguration$DefaultTemplateResolverConfiguration - Cannot find template location: classpath:/templates/ (please add some templates or check your Thymeleaf configuration)
17:20:39.239 logback [main] INFO  s.d.s.w.p.DocumentationPluginsBootstrapper - Context refreshed
17:20:39.257 logback [main] INFO  s.d.s.w.p.DocumentationPluginsBootstrapper - Found 1 custom documentation plugin(s)
17:20:39.275 logback [main] INFO  s.d.s.w.s.ApiListingReferenceScanner - Scanning for api listing references
17:20:39.436 logback [main] INFO  c.e.s.SpringbootSonApplicationTests - Started SpringbootSonApplicationTests in 4.081 seconds (JVM running for 5.117)
17:20:39.798 logback [SpringContextShutdownHook] INFO  o.s.s.c.ThreadPoolTaskExecutor - Shutting down ExecutorService 'applicationTaskExecutor'
17:38:05.968 logback [restartedMain] INFO  c.e.s.SpringbootSonApplication - Starting SpringbootSonApplication on cengyujundeMacBook-Pro.local with PID 1694 (/Users/cengyujun/java_objct/springboot_son/target/classes started by cengyujun in /Users/cengyujun/java_objct/springboot_son)
17:38:05.971 logback [restartedMain] INFO  c.e.s.SpringbootSonApplication - The following profiles are active: dev
17:38:06.026 logback [restartedMain] INFO  o.s.b.d.e.DevToolsPropertyDefaultsPostProcessor - Devtools property defaults active! Set 'spring.devtools.add-properties' to 'false' to disable
17:38:06.026 logback [restartedMain] INFO  o.s.b.d.e.DevToolsPropertyDefaultsPostProcessor - For additional web related logging consider setting the 'logging.level.web' property to 'DEBUG'
17:38:06.956 logback [restartedMain] INFO  o.s.d.r.c.RepositoryConfigurationDelegate - Multiple Spring Data modules found, entering strict repository configuration mode!
17:38:06.959 logback [restartedMain] INFO  o.s.d.r.c.RepositoryConfigurationDelegate - Bootstrapping Spring Data Redis repositories in DEFAULT mode.
17:38:06.995 logback [restartedMain] INFO  o.s.d.r.c.RepositoryConfigurationDelegate - Finished Spring Data repository scanning in 18ms. Found 0 Redis repository interfaces.
17:38:07.933 logback [restartedMain] INFO  o.s.b.w.e.tomcat.TomcatWebServer - Tomcat initialized with port(s): 8012 (http)
17:38:07.944 logback [restartedMain] INFO  o.a.coyote.http11.Http11NioProtocol - Initializing ProtocolHandler ["http-nio-8012"]
17:38:07.945 logback [restartedMain] INFO  o.a.catalina.core.StandardService - Starting service [Tomcat]
17:38:07.945 logback [restartedMain] INFO  o.a.catalina.core.StandardEngine - Starting Servlet engine: [Apache Tomcat/9.0.31]
17:38:08.032 logback [restartedMain] INFO  o.a.c.c.C.[Tomcat].[localhost].[/] - Initializing Spring embedded WebApplicationContext
17:38:08.032 logback [restartedMain] INFO  o.s.web.context.ContextLoader - Root WebApplicationContext: initialization completed in 2006 ms
17:38:09.112 logback [restartedMain] INFO  o.s.s.c.ThreadPoolTaskExecutor - Initializing ExecutorService 'applicationTaskExecutor'
17:38:09.133 logback [restartedMain] INFO  o.s.b.d.a.OptionalLiveReloadServer - LiveReload server is running on port 35729
17:38:09.225 logback [restartedMain] WARN  o.s.b.a.t.ThymeleafAutoConfiguration$DefaultTemplateResolverConfiguration - Cannot find template location: classpath:/templates/ (please add some templates or check your Thymeleaf configuration)
17:38:09.389 logback [restartedMain] INFO  s.d.s.w.p.DocumentationPluginsBootstrapper - Context refreshed
17:38:09.405 logback [restartedMain] INFO  s.d.s.w.p.DocumentationPluginsBootstrapper - Found 1 custom documentation plugin(s)
17:38:09.422 logback [restartedMain] INFO  s.d.s.w.s.ApiListingReferenceScanner - Scanning for api listing references
17:38:09.591 logback [restartedMain] INFO  o.a.coyote.http11.Http11NioProtocol - Starting ProtocolHandler ["http-nio-8012"]
17:38:09.620 logback [restartedMain] INFO  o.s.b.w.e.tomcat.TomcatWebServer - Tomcat started on port(s): 8012 (http) with context path ''
17:38:09.624 logback [restartedMain] INFO  c.e.s.SpringbootSonApplication - Started SpringbootSonApplication in 4.354 seconds (JVM running for 5.108)
17:38:27.388 logback [http-nio-8012-exec-1] INFO  o.a.c.c.C.[Tomcat].[localhost].[/] - Initializing Spring DispatcherServlet 'dispatcherServlet'
17:38:27.388 logback [http-nio-8012-exec-1] INFO  o.s.web.servlet.DispatcherServlet - Initializing Servlet 'dispatcherServlet'
17:38:27.396 logback [http-nio-8012-exec-1] INFO  o.s.web.servlet.DispatcherServlet - Completed initialization in 7 ms
17:39:05.045 logback [http-nio-8012-exec-8] INFO  com.zaxxer.hikari.HikariDataSource - HikariPool-1 - Starting...
17:39:05.126 logback [http-nio-8012-exec-8] WARN  c.z.hikari.util.DriverDataSource - Registered driver with driverClassName=com.mysql.jdbc.Driver was not found, trying direct instantiation.
17:39:06.178 logback [http-nio-8012-exec-8] INFO  com.zaxxer.hikari.HikariDataSource - HikariPool-1 - Start completed.
17:46:26.434 logback [SpringContextShutdownHook] INFO  o.s.s.c.ThreadPoolTaskExecutor - Shutting down ExecutorService 'applicationTaskExecutor'
17:46:26.460 logback [SpringContextShutdownHook] INFO  com.zaxxer.hikari.HikariDataSource - HikariPool-1 - Shutdown initiated...
17:46:26.472 logback [SpringContextShutdownHook] INFO  com.zaxxer.hikari.HikariDataSource - HikariPool-1 - Shutdown completed.
17:46:30.965 logback [restartedMain] INFO  c.e.s.SpringbootSonApplication - Starting SpringbootSonApplication on cengyujundeMacBook-Pro.local with PID 1723 (/Users/cengyujun/java_objct/springboot_son/target/classes started by cengyujun in /Users/cengyujun/java_objct/springboot_son)
17:46:30.968 logback [restartedMain] INFO  c.e.s.SpringbootSonApplication - The following profiles are active: dev
17:46:31.025 logback [restartedMain] INFO  o.s.b.d.e.DevToolsPropertyDefaultsPostProcessor - Devtools property defaults active! Set 'spring.devtools.add-properties' to 'false' to disable
17:46:31.025 logback [restartedMain] INFO  o.s.b.d.e.DevToolsPropertyDefaultsPostProcessor - For additional web related logging consider setting the 'logging.level.web' property to 'DEBUG'
17:46:31.865 logback [restartedMain] INFO  o.s.d.r.c.RepositoryConfigurationDelegate - Multiple Spring Data modules found, entering strict repository configuration mode!
17:46:31.868 logback [restartedMain] INFO  o.s.d.r.c.RepositoryConfigurationDelegate - Bootstrapping Spring Data Redis repositories in DEFAULT mode.
17:46:31.898 logback [restartedMain] INFO  o.s.d.r.c.RepositoryConfigurationDelegate - Finished Spring Data repository scanning in 15ms. Found 0 Redis repository interfaces.
17:46:32.693 logback [restartedMain] INFO  o.s.b.w.e.tomcat.TomcatWebServer - Tomcat initialized with port(s): 8012 (http)
17:46:32.702 logback [restartedMain] INFO  o.a.coyote.http11.Http11NioProtocol - Initializing ProtocolHandler ["http-nio-8012"]
17:46:32.703 logback [restartedMain] INFO  o.a.catalina.core.StandardService - Starting service [Tomcat]
17:46:32.703 logback [restartedMain] INFO  o.a.catalina.core.StandardEngine - Starting Servlet engine: [Apache Tomcat/9.0.31]
17:46:32.779 logback [restartedMain] INFO  o.a.c.c.C.[Tomcat].[localhost].[/] - Initializing Spring embedded WebApplicationContext
17:46:32.779 logback [restartedMain] INFO  o.s.web.context.ContextLoader - Root WebApplicationContext: initialization completed in 1753 ms
17:46:33.756 logback [restartedMain] INFO  o.s.s.c.ThreadPoolTaskExecutor - Initializing ExecutorService 'applicationTaskExecutor'
17:46:33.776 logback [restartedMain] INFO  o.s.b.d.a.OptionalLiveReloadServer - LiveReload server is running on port 35729
17:46:33.873 logback [restartedMain] WARN  o.s.b.a.t.ThymeleafAutoConfiguration$DefaultTemplateResolverConfiguration - Cannot find template location: classpath:/templates/ (please add some templates or check your Thymeleaf configuration)
17:46:34.034 logback [restartedMain] INFO  s.d.s.w.p.DocumentationPluginsBootstrapper - Context refreshed
17:46:34.050 logback [restartedMain] INFO  s.d.s.w.p.DocumentationPluginsBootstrapper - Found 1 custom documentation plugin(s)
17:46:34.067 logback [restartedMain] INFO  s.d.s.w.s.ApiListingReferenceScanner - Scanning for api listing references
17:46:34.227 logback [restartedMain] INFO  o.a.coyote.http11.Http11NioProtocol - Starting ProtocolHandler ["http-nio-8012"]
17:46:34.255 logback [restartedMain] INFO  o.s.b.w.e.tomcat.TomcatWebServer - Tomcat started on port(s): 8012 (http) with context path ''
17:46:34.259 logback [restartedMain] INFO  c.e.s.SpringbootSonApplication - Started SpringbootSonApplication in 3.882 seconds (JVM running for 4.51)
17:47:13.383 logback [http-nio-8012-exec-1] INFO  o.a.c.c.C.[Tomcat].[localhost].[/] - Initializing Spring DispatcherServlet 'dispatcherServlet'
17:47:13.384 logback [http-nio-8012-exec-1] INFO  o.s.web.servlet.DispatcherServlet - Initializing Servlet 'dispatcherServlet'
17:47:13.392 logback [http-nio-8012-exec-1] INFO  o.s.web.servlet.DispatcherServlet - Completed initialization in 8 ms
17:47:13.450 logback [http-nio-8012-exec-1] INFO  com.zaxxer.hikari.HikariDataSource - HikariPool-1 - Starting...
17:47:13.519 logback [http-nio-8012-exec-1] WARN  c.z.hikari.util.DriverDataSource - Registered driver with driverClassName=com.mysql.jdbc.Driver was not found, trying direct instantiation.
17:47:14.619 logback [http-nio-8012-exec-1] INFO  com.zaxxer.hikari.HikariDataSource - HikariPool-1 - Start completed.
17:47:20.331 logback [SpringContextShutdownHook] INFO  o.s.s.c.ThreadPoolTaskExecutor - Shutting down ExecutorService 'applicationTaskExecutor'
17:47:20.353 logback [SpringContextShutdownHook] INFO  com.zaxxer.hikari.HikariDataSource - HikariPool-1 - Shutdown initiated...
17:47:20.368 logback [SpringContextShutdownHook] INFO  com.zaxxer.hikari.HikariDataSource - HikariPool-1 - Shutdown completed.
17:47:24.245 logback [restartedMain] INFO  c.e.s.SpringbootSonApplication - Starting SpringbootSonApplication on cengyujundeMacBook-Pro.local with PID 1732 (/Users/cengyujun/java_objct/springboot_son/target/classes started by cengyujun in /Users/cengyujun/java_objct/springboot_son)
17:47:24.247 logback [restartedMain] INFO  c.e.s.SpringbootSonApplication - The following profiles are active: dev
17:47:24.305 logback [restartedMain] INFO  o.s.b.d.e.DevToolsPropertyDefaultsPostProcessor - Devtools property defaults active! Set 'spring.devtools.add-properties' to 'false' to disable
17:47:24.305 logback [restartedMain] INFO  o.s.b.d.e.DevToolsPropertyDefaultsPostProcessor - For additional web related logging consider setting the 'logging.level.web' property to 'DEBUG'
17:47:25.051 logback [restartedMain] INFO  o.s.d.r.c.RepositoryConfigurationDelegate - Multiple Spring Data modules found, entering strict repository configuration mode!
17:47:25.053 logback [restartedMain] INFO  o.s.d.r.c.RepositoryConfigurationDelegate - Bootstrapping Spring Data Redis repositories in DEFAULT mode.
17:47:25.082 logback [restartedMain] INFO  o.s.d.r.c.RepositoryConfigurationDelegate - Finished Spring Data repository scanning in 15ms. Found 0 Redis repository interfaces.
17:47:25.824 logback [restartedMain] INFO  o.s.b.w.e.tomcat.TomcatWebServer - Tomcat initialized with port(s): 8012 (http)
17:47:25.834 logback [restartedMain] INFO  o.a.coyote.http11.Http11NioProtocol - Initializing ProtocolHandler ["http-nio-8012"]
17:47:25.834 logback [restartedMain] INFO  o.a.catalina.core.StandardService - Starting service [Tomcat]
17:47:25.834 logback [restartedMain] INFO  o.a.catalina.core.StandardEngine - Starting Servlet engine: [Apache Tomcat/9.0.31]
17:47:25.900 logback [restartedMain] INFO  o.a.c.c.C.[Tomcat].[localhost].[/] - Initializing Spring embedded WebApplicationContext
17:47:25.900 logback [restartedMain] INFO  o.s.web.context.ContextLoader - Root WebApplicationContext: initialization completed in 1595 ms
17:47:26.764 logback [restartedMain] INFO  o.s.s.c.ThreadPoolTaskExecutor - Initializing ExecutorService 'applicationTaskExecutor'
17:47:26.782 logback [restartedMain] INFO  o.s.b.d.a.OptionalLiveReloadServer - LiveReload server is running on port 35729
17:47:26.871 logback [restartedMain] WARN  o.s.b.a.t.ThymeleafAutoConfiguration$DefaultTemplateResolverConfiguration - Cannot find template location: classpath:/templates/ (please add some templates or check your Thymeleaf configuration)
17:47:27.021 logback [restartedMain] INFO  s.d.s.w.p.DocumentationPluginsBootstrapper - Context refreshed
17:47:27.034 logback [restartedMain] INFO  s.d.s.w.p.DocumentationPluginsBootstrapper - Found 1 custom documentation plugin(s)
17:47:27.050 logback [restartedMain] INFO  s.d.s.w.s.ApiListingReferenceScanner - Scanning for api listing references
17:47:27.191 logback [restartedMain] INFO  o.a.coyote.http11.Http11NioProtocol - Starting ProtocolHandler ["http-nio-8012"]
17:47:27.213 logback [restartedMain] INFO  o.s.b.w.e.tomcat.TomcatWebServer - Tomcat started on port(s): 8012 (http) with context path ''
17:47:27.217 logback [restartedMain] INFO  c.e.s.SpringbootSonApplication - Started SpringbootSonApplication in 3.525 seconds (JVM running for 4.05)
17:47:37.007 logback [SpringContextShutdownHook] INFO  o.s.s.c.ThreadPoolTaskExecutor - Shutting down ExecutorService 'applicationTaskExecutor'
17:59:29.308 logback [restartedMain] INFO  c.e.s.SpringbootSonApplication - Starting SpringbootSonApplication on cengyujundeMacBook-Pro.local with PID 1786 (/Users/cengyujun/java_objct/springboot_son/target/classes started by cengyujun in /Users/cengyujun/java_objct/springboot_son)
17:59:29.311 logback [restartedMain] INFO  c.e.s.SpringbootSonApplication - The following profiles are active: dev
17:59:29.362 logback [restartedMain] INFO  o.s.b.d.e.DevToolsPropertyDefaultsPostProcessor - Devtools property defaults active! Set 'spring.devtools.add-properties' to 'false' to disable
17:59:29.362 logback [restartedMain] INFO  o.s.b.d.e.DevToolsPropertyDefaultsPostProcessor - For additional web related logging consider setting the 'logging.level.web' property to 'DEBUG'
17:59:30.178 logback [restartedMain] INFO  o.s.d.r.c.RepositoryConfigurationDelegate - Multiple Spring Data modules found, entering strict repository configuration mode!
17:59:30.180 logback [restartedMain] INFO  o.s.d.r.c.RepositoryConfigurationDelegate - Bootstrapping Spring Data Redis repositories in DEFAULT mode.
17:59:30.210 logback [restartedMain] INFO  o.s.d.r.c.RepositoryConfigurationDelegate - Finished Spring Data repository scanning in 16ms. Found 0 Redis repository interfaces.
17:59:31.022 logback [restartedMain] INFO  o.s.b.w.e.tomcat.TomcatWebServer - Tomcat initialized with port(s): 8012 (http)
17:59:31.032 logback [restartedMain] INFO  o.a.coyote.http11.Http11NioProtocol - Initializing ProtocolHandler ["http-nio-8012"]
17:59:31.033 logback [restartedMain] INFO  o.a.catalina.core.StandardService - Starting service [Tomcat]
17:59:31.033 logback [restartedMain] INFO  o.a.catalina.core.StandardEngine - Starting Servlet engine: [Apache Tomcat/9.0.31]
17:59:31.105 logback [restartedMain] INFO  o.a.c.c.C.[Tomcat].[localhost].[/] - Initializing Spring embedded WebApplicationContext
17:59:31.105 logback [restartedMain] INFO  o.s.web.context.ContextLoader - Root WebApplicationContext: initialization completed in 1743 ms
17:59:31.995 logback [restartedMain] INFO  o.s.s.c.ThreadPoolTaskExecutor - Initializing ExecutorService 'applicationTaskExecutor'
17:59:32.014 logback [restartedMain] INFO  o.s.b.d.a.OptionalLiveReloadServer - LiveReload server is running on port 35729
17:59:32.089 logback [restartedMain] WARN  o.s.b.a.t.ThymeleafAutoConfiguration$DefaultTemplateResolverConfiguration - Cannot find template location: classpath:/templates/ (please add some templates or check your Thymeleaf configuration)
17:59:32.224 logback [restartedMain] INFO  s.d.s.w.p.DocumentationPluginsBootstrapper - Context refreshed
17:59:32.236 logback [restartedMain] INFO  s.d.s.w.p.DocumentationPluginsBootstrapper - Found 1 custom documentation plugin(s)
17:59:32.251 logback [restartedMain] INFO  s.d.s.w.s.ApiListingReferenceScanner - Scanning for api listing references
17:59:32.380 logback [restartedMain] INFO  o.a.coyote.http11.Http11NioProtocol - Starting ProtocolHandler ["http-nio-8012"]
17:59:32.404 logback [restartedMain] INFO  o.s.b.w.e.tomcat.TomcatWebServer - Tomcat started on port(s): 8012 (http) with context path ''
17:59:32.407 logback [restartedMain] INFO  c.e.s.SpringbootSonApplication - Started SpringbootSonApplication in 3.647 seconds (JVM running for 4.213)
17:59:34.528 logback [http-nio-8012-exec-1] INFO  o.a.c.c.C.[Tomcat].[localhost].[/] - Initializing Spring DispatcherServlet 'dispatcherServlet'
17:59:34.529 logback [http-nio-8012-exec-1] INFO  o.s.web.servlet.DispatcherServlet - Initializing Servlet 'dispatcherServlet'
17:59:34.536 logback [http-nio-8012-exec-1] INFO  o.s.web.servlet.DispatcherServlet - Completed initialization in 7 ms
17:59:43.267 logback [http-nio-8012-exec-3] INFO  c.e.s.service.EquipmentService - >>>>>>>>>>>>null
18:02:33.654 logback [SpringContextShutdownHook] INFO  o.s.s.c.ThreadPoolTaskExecutor - Shutting down ExecutorService 'applicationTaskExecutor'
18:02:37.148 logback [restartedMain] INFO  c.e.s.SpringbootSonApplication - Starting SpringbootSonApplication on cengyujundeMacBook-Pro.local with PID 1799 (/Users/cengyujun/java_objct/springboot_son/target/classes started by cengyujun in /Users/cengyujun/java_objct/springboot_son)
18:02:37.150 logback [restartedMain] INFO  c.e.s.SpringbootSonApplication - The following profiles are active: dev
18:02:37.214 logback [restartedMain] INFO  o.s.b.d.e.DevToolsPropertyDefaultsPostProcessor - Devtools property defaults active! Set 'spring.devtools.add-properties' to 'false' to disable
18:02:37.214 logback [restartedMain] INFO  o.s.b.d.e.DevToolsPropertyDefaultsPostProcessor - For additional web related logging consider setting the 'logging.level.web' property to 'DEBUG'
18:02:37.986 logback [restartedMain] INFO  o.s.d.r.c.RepositoryConfigurationDelegate - Multiple Spring Data modules found, entering strict repository configuration mode!
18:02:37.989 logback [restartedMain] INFO  o.s.d.r.c.RepositoryConfigurationDelegate - Bootstrapping Spring Data Redis repositories in DEFAULT mode.
18:02:38.018 logback [restartedMain] INFO  o.s.d.r.c.RepositoryConfigurationDelegate - Finished Spring Data repository scanning in 15ms. Found 0 Redis repository interfaces.
18:02:38.793 logback [restartedMain] INFO  o.s.b.w.e.tomcat.TomcatWebServer - Tomcat initialized with port(s): 8012 (http)
18:02:38.802 logback [restartedMain] INFO  o.a.coyote.http11.Http11NioProtocol - Initializing ProtocolHandler ["http-nio-8012"]
18:02:38.803 logback [restartedMain] INFO  o.a.catalina.core.StandardService - Starting service [Tomcat]
18:02:38.803 logback [restartedMain] INFO  o.a.catalina.core.StandardEngine - Starting Servlet engine: [Apache Tomcat/9.0.31]
18:02:38.868 logback [restartedMain] INFO  o.a.c.c.C.[Tomcat].[localhost].[/] - Initializing Spring embedded WebApplicationContext
18:02:38.868 logback [restartedMain] INFO  o.s.web.context.ContextLoader - Root WebApplicationContext: initialization completed in 1654 ms
18:02:39.711 logback [restartedMain] INFO  o.s.s.c.ThreadPoolTaskExecutor - Initializing ExecutorService 'applicationTaskExecutor'
18:02:39.729 logback [restartedMain] INFO  o.s.b.d.a.OptionalLiveReloadServer - LiveReload server is running on port 35729
18:02:39.809 logback [restartedMain] WARN  o.s.b.a.t.ThymeleafAutoConfiguration$DefaultTemplateResolverConfiguration - Cannot find template location: classpath:/templates/ (please add some templates or check your Thymeleaf configuration)
18:02:39.949 logback [restartedMain] INFO  s.d.s.w.p.DocumentationPluginsBootstrapper - Context refreshed
18:02:39.961 logback [restartedMain] INFO  s.d.s.w.p.DocumentationPluginsBootstrapper - Found 1 custom documentation plugin(s)
18:02:39.978 logback [restartedMain] INFO  s.d.s.w.s.ApiListingReferenceScanner - Scanning for api listing references
18:02:40.115 logback [restartedMain] INFO  o.a.coyote.http11.Http11NioProtocol - Starting ProtocolHandler ["http-nio-8012"]
18:02:40.137 logback [restartedMain] INFO  o.s.b.w.e.tomcat.TomcatWebServer - Tomcat started on port(s): 8012 (http) with context path ''
18:02:40.141 logback [restartedMain] INFO  c.e.s.SpringbootSonApplication - Started SpringbootSonApplication in 3.578 seconds (JVM running for 4.109)
18:02:44.477 logback [http-nio-8012-exec-1] INFO  o.a.c.c.C.[Tomcat].[localhost].[/] - Initializing Spring DispatcherServlet 'dispatcherServlet'
18:02:44.478 logback [http-nio-8012-exec-1] INFO  o.s.web.servlet.DispatcherServlet - Initializing Servlet 'dispatcherServlet'
18:02:44.484 logback [http-nio-8012-exec-1] INFO  o.s.web.servlet.DispatcherServlet - Completed initialization in 6 ms
18:02:44.505 logback [http-nio-8012-exec-1] INFO  c.e.s.service.EquipmentService - >>>>>>>>>>>>null
18:02:44.551 logback [http-nio-8012-exec-1] INFO  com.zaxxer.hikari.HikariDataSource - HikariPool-1 - Starting...
18:02:44.618 logback [http-nio-8012-exec-1] WARN  c.z.hikari.util.DriverDataSource - Registered driver with driverClassName=com.mysql.jdbc.Driver was not found, trying direct instantiation.
18:02:45.639 logback [http-nio-8012-exec-1] INFO  com.zaxxer.hikari.HikariDataSource - HikariPool-1 - Start completed.
18:02:48.226 logback [SpringContextShutdownHook] INFO  o.s.s.c.ThreadPoolTaskExecutor - Shutting down ExecutorService 'applicationTaskExecutor'
18:02:48.248 logback [SpringContextShutdownHook] INFO  com.zaxxer.hikari.HikariDataSource - HikariPool-1 - Shutdown initiated...
18:02:48.750 logback [SpringContextShutdownHook] INFO  com.zaxxer.hikari.HikariDataSource - HikariPool-1 - Shutdown completed.
