08:58:43.176 logback [restartedMain] INFO  c.e.s.SpringbootSonApplication - Starting SpringbootSonApplication on cengyujundeMacBook-Pro.local with PID 878 (/Users/cengyujun/java_objct/springboot_son/target/classes started by cengyujun in /Users/cengyujun/java_objct/springboot_son)
08:58:43.179 logback [restartedMain] INFO  c.e.s.SpringbootSonApplication - The following profiles are active: dev
08:58:43.231 logback [restartedMain] INFO  o.s.b.d.e.DevToolsPropertyDefaultsPostProcessor - Devtools property defaults active! Set 'spring.devtools.add-properties' to 'false' to disable
08:58:43.231 logback [restartedMain] INFO  o.s.b.d.e.DevToolsPropertyDefaultsPostProcessor - For additional web related logging consider setting the 'logging.level.web' property to 'DEBUG'
08:58:44.076 logback [restartedMain] INFO  o.s.d.r.c.RepositoryConfigurationDelegate - Multiple Spring Data modules found, entering strict repository configuration mode!
08:58:44.079 logback [restartedMain] INFO  o.s.d.r.c.RepositoryConfigurationDelegate - Bootstrapping Spring Data Redis repositories in DEFAULT mode.
08:58:44.116 logback [restartedMain] INFO  o.s.d.r.c.RepositoryConfigurationDelegate - Finished Spring Data repository scanning in 18ms. Found 0 Redis repository interfaces.
08:58:44.955 logback [restartedMain] INFO  o.s.b.w.e.tomcat.TomcatWebServer - Tomcat initialized with port(s): 8012 (http)
08:58:44.966 logback [restartedMain] INFO  o.a.coyote.http11.Http11NioProtocol - Initializing ProtocolHandler ["http-nio-8012"]
08:58:44.967 logback [restartedMain] INFO  o.a.catalina.core.StandardService - Starting service [Tomcat]
08:58:44.967 logback [restartedMain] INFO  o.a.catalina.core.StandardEngine - Starting Servlet engine: [Apache Tomcat/9.0.31]
08:58:45.054 logback [restartedMain] INFO  o.a.c.c.C.[Tomcat].[localhost].[/] - Initializing Spring embedded WebApplicationContext
08:58:45.054 logback [restartedMain] INFO  o.s.web.context.ContextLoader - Root WebApplicationContext: initialization completed in 1823 ms
08:58:45.999 logback [restartedMain] INFO  o.s.s.c.ThreadPoolTaskExecutor - Initializing ExecutorService 'applicationTaskExecutor'
08:58:46.018 logback [restartedMain] INFO  o.s.b.d.a.OptionalLiveReloadServer - LiveReload server is running on port 35729
08:58:46.104 logback [restartedMain] WARN  o.s.b.a.t.ThymeleafAutoConfiguration$DefaultTemplateResolverConfiguration - Cannot find template location: classpath:/templates/ (please add some templates or check your Thymeleaf configuration)
08:58:46.255 logback [restartedMain] INFO  s.d.s.w.p.DocumentationPluginsBootstrapper - Context refreshed
08:58:46.271 logback [restartedMain] INFO  s.d.s.w.p.DocumentationPluginsBootstrapper - Found 1 custom documentation plugin(s)
08:58:46.287 logback [restartedMain] INFO  s.d.s.w.s.ApiListingReferenceScanner - Scanning for api listing references
08:58:46.438 logback [restartedMain] INFO  o.a.coyote.http11.Http11NioProtocol - Starting ProtocolHandler ["http-nio-8012"]
08:58:46.466 logback [restartedMain] INFO  o.s.b.w.e.tomcat.TomcatWebServer - Tomcat started on port(s): 8012 (http) with context path ''
08:58:46.470 logback [restartedMain] INFO  c.e.s.SpringbootSonApplication - Started SpringbootSonApplication in 3.912 seconds (JVM running for 4.534)
08:58:57.672 logback [http-nio-8012-exec-1] INFO  o.a.c.c.C.[Tomcat].[localhost].[/] - Initializing Spring DispatcherServlet 'dispatcherServlet'
08:58:57.673 logback [http-nio-8012-exec-1] INFO  o.s.web.servlet.DispatcherServlet - Initializing Servlet 'dispatcherServlet'
08:58:57.681 logback [http-nio-8012-exec-1] INFO  o.s.web.servlet.DispatcherServlet - Completed initialization in 8 ms
08:59:38.214 logback [http-nio-8012-exec-2] INFO  com.zaxxer.hikari.HikariDataSource - HikariPool-1 - Starting...
08:59:38.291 logback [http-nio-8012-exec-2] WARN  c.z.hikari.util.DriverDataSource - Registered driver with driverClassName=com.mysql.jdbc.Driver was not found, trying direct instantiation.
08:59:39.237 logback [http-nio-8012-exec-2] INFO  com.zaxxer.hikari.HikariDataSource - HikariPool-1 - Start completed.
08:59:45.968 logback [SpringContextShutdownHook] INFO  o.s.s.c.ThreadPoolTaskExecutor - Shutting down ExecutorService 'applicationTaskExecutor'
08:59:45.989 logback [SpringContextShutdownHook] INFO  com.zaxxer.hikari.HikariDataSource - HikariPool-1 - Shutdown initiated...
08:59:45.998 logback [SpringContextShutdownHook] INFO  com.zaxxer.hikari.HikariDataSource - HikariPool-1 - Shutdown completed.
11:09:44.131 logback [restartedMain] INFO  c.e.s.SpringbootSonApplication - Starting SpringbootSonApplication on cengyujundeMacBook-Pro.local with PID 1522 (/Users/cengyujun/java_objct/springboot_son/target/classes started by cengyujun in /Users/cengyujun/java_objct/springboot_son)
11:09:44.134 logback [restartedMain] INFO  c.e.s.SpringbootSonApplication - The following profiles are active: dev
11:09:44.203 logback [restartedMain] INFO  o.s.b.d.e.DevToolsPropertyDefaultsPostProcessor - Devtools property defaults active! Set 'spring.devtools.add-properties' to 'false' to disable
11:09:44.203 logback [restartedMain] INFO  o.s.b.d.e.DevToolsPropertyDefaultsPostProcessor - For additional web related logging consider setting the 'logging.level.web' property to 'DEBUG'
11:09:45.234 logback [restartedMain] INFO  o.s.d.r.c.RepositoryConfigurationDelegate - Multiple Spring Data modules found, entering strict repository configuration mode!
11:09:45.238 logback [restartedMain] INFO  o.s.d.r.c.RepositoryConfigurationDelegate - Bootstrapping Spring Data Redis repositories in DEFAULT mode.
11:09:45.286 logback [restartedMain] INFO  o.s.d.r.c.RepositoryConfigurationDelegate - Finished Spring Data repository scanning in 24ms. Found 0 Redis repository interfaces.
11:09:46.274 logback [restartedMain] INFO  o.s.b.w.e.tomcat.TomcatWebServer - Tomcat initialized with port(s): 8012 (http)
11:09:46.288 logback [restartedMain] INFO  o.a.coyote.http11.Http11NioProtocol - Initializing ProtocolHandler ["http-nio-8012"]
11:09:46.288 logback [restartedMain] INFO  o.a.catalina.core.StandardService - Starting service [Tomcat]
11:09:46.288 logback [restartedMain] INFO  o.a.catalina.core.StandardEngine - Starting Servlet engine: [Apache Tomcat/9.0.31]
11:09:46.370 logback [restartedMain] INFO  o.a.c.c.C.[Tomcat].[localhost].[/] - Initializing Spring embedded WebApplicationContext
11:09:46.371 logback [restartedMain] INFO  o.s.web.context.ContextLoader - Root WebApplicationContext: initialization completed in 2167 ms
11:09:47.603 logback [restartedMain] INFO  o.s.s.c.ThreadPoolTaskExecutor - Initializing ExecutorService 'applicationTaskExecutor'
11:09:47.626 logback [restartedMain] INFO  o.s.b.d.a.OptionalLiveReloadServer - LiveReload server is running on port 35729
11:09:47.728 logback [restartedMain] WARN  o.s.b.a.t.ThymeleafAutoConfiguration$DefaultTemplateResolverConfiguration - Cannot find template location: classpath:/templates/ (please add some templates or check your Thymeleaf configuration)
11:09:47.951 logback [restartedMain] INFO  s.d.s.w.p.DocumentationPluginsBootstrapper - Context refreshed
11:09:47.972 logback [restartedMain] INFO  s.d.s.w.p.DocumentationPluginsBootstrapper - Found 1 custom documentation plugin(s)
11:09:47.994 logback [restartedMain] INFO  s.d.s.w.s.ApiListingReferenceScanner - Scanning for api listing references
11:09:48.208 logback [restartedMain] INFO  o.a.coyote.http11.Http11NioProtocol - Starting ProtocolHandler ["http-nio-8012"]
11:09:48.239 logback [restartedMain] INFO  o.s.b.w.e.tomcat.TomcatWebServer - Tomcat started on port(s): 8012 (http) with context path ''
11:09:48.243 logback [restartedMain] INFO  c.e.s.SpringbootSonApplication - Started SpringbootSonApplication in 4.772 seconds (JVM running for 5.278)
11:10:09.062 logback [http-nio-8012-exec-1] INFO  o.a.c.c.C.[Tomcat].[localhost].[/] - Initializing Spring DispatcherServlet 'dispatcherServlet'
11:10:09.063 logback [http-nio-8012-exec-1] INFO  o.s.web.servlet.DispatcherServlet - Initializing Servlet 'dispatcherServlet'
11:10:09.074 logback [http-nio-8012-exec-1] INFO  o.s.web.servlet.DispatcherServlet - Completed initialization in 11 ms
11:30:24.913 logback [SpringContextShutdownHook] INFO  o.s.s.c.ThreadPoolTaskExecutor - Shutting down ExecutorService 'applicationTaskExecutor'
