11:43:24.981 logback [restartedMain] INFO  c.e.s.SpringbootSonApplication - Starting SpringbootSonApplication on cengyujundeMacBook-Pro.local with PID 1016 (/Users/cengyujun/java_objct/springboot_son/target/classes started by cengyujun in /Users/cengyujun/java_objct/springboot_son)
11:43:24.985 logback [restartedMain] INFO  c.e.s.SpringbootSonApplication - The following profiles are active: dev
11:43:25.047 logback [restartedMain] INFO  o.s.b.d.e.DevToolsPropertyDefaultsPostProcessor - Devtools property defaults active! Set 'spring.devtools.add-properties' to 'false' to disable
11:43:25.047 logback [restartedMain] INFO  o.s.b.d.e.DevToolsPropertyDefaultsPostProcessor - For additional web related logging consider setting the 'logging.level.web' property to 'DEBUG'
11:43:25.892 logback [restartedMain] INFO  o.s.d.r.c.RepositoryConfigurationDelegate - Multiple Spring Data modules found, entering strict repository configuration mode!
11:43:25.895 logback [restartedMain] INFO  o.s.d.r.c.RepositoryConfigurationDelegate - Bootstrapping Spring Data Redis repositories in DEFAULT mode.
11:43:25.933 logback [restartedMain] INFO  o.s.d.r.c.RepositoryConfigurationDelegate - Finished Spring Data repository scanning in 17ms. Found 0 Redis repository interfaces.
11:43:26.781 logback [restartedMain] INFO  o.s.b.w.e.tomcat.TomcatWebServer - Tomcat initialized with port(s): 8012 (http)
11:43:26.793 logback [restartedMain] INFO  o.a.coyote.http11.Http11NioProtocol - Initializing ProtocolHandler ["http-nio-8012"]
11:43:26.793 logback [restartedMain] INFO  o.a.catalina.core.StandardService - Starting service [Tomcat]
11:43:26.793 logback [restartedMain] INFO  o.a.catalina.core.StandardEngine - Starting Servlet engine: [Apache Tomcat/9.0.31]
11:43:26.860 logback [restartedMain] INFO  o.a.c.c.C.[Tomcat].[localhost].[/] - Initializing Spring embedded WebApplicationContext
11:43:26.861 logback [restartedMain] INFO  o.s.web.context.ContextLoader - Root WebApplicationContext: initialization completed in 1814 ms
11:43:27.812 logback [restartedMain] INFO  o.s.s.c.ThreadPoolTaskExecutor - Initializing ExecutorService 'applicationTaskExecutor'
11:43:27.831 logback [restartedMain] INFO  o.s.b.d.a.OptionalLiveReloadServer - LiveReload server is running on port 35729
11:43:27.921 logback [restartedMain] WARN  o.s.b.a.t.ThymeleafAutoConfiguration$DefaultTemplateResolverConfiguration - Cannot find template location: classpath:/templates/ (please add some templates or check your Thymeleaf configuration)
11:43:28.070 logback [restartedMain] INFO  s.d.s.w.p.DocumentationPluginsBootstrapper - Context refreshed
11:43:28.085 logback [restartedMain] INFO  s.d.s.w.p.DocumentationPluginsBootstrapper - Found 1 custom documentation plugin(s)
11:43:28.101 logback [restartedMain] INFO  s.d.s.w.s.ApiListingReferenceScanner - Scanning for api listing references
11:43:28.236 logback [restartedMain] INFO  o.a.coyote.http11.Http11NioProtocol - Starting ProtocolHandler ["http-nio-8012"]
11:43:28.258 logback [restartedMain] INFO  o.s.b.w.e.tomcat.TomcatWebServer - Tomcat started on port(s): 8012 (http) with context path ''
11:43:28.262 logback [restartedMain] INFO  c.e.s.SpringbootSonApplication - Started SpringbootSonApplication in 3.85 seconds (JVM running for 4.352)
11:43:34.403 logback [SpringContextShutdownHook] INFO  o.s.s.c.ThreadPoolTaskExecutor - Shutting down ExecutorService 'applicationTaskExecutor'
11:43:54.097 logback [restartedMain] INFO  c.e.s.SpringbootSonApplication - Starting SpringbootSonApplication on cengyujundeMacBook-Pro.local with PID 1024 (/Users/cengyujun/java_objct/springboot_son/target/classes started by cengyujun in /Users/cengyujun/java_objct/springboot_son)
11:43:54.100 logback [restartedMain] INFO  c.e.s.SpringbootSonApplication - The following profiles are active: dev
11:43:54.160 logback [restartedMain] INFO  o.s.b.d.e.DevToolsPropertyDefaultsPostProcessor - Devtools property defaults active! Set 'spring.devtools.add-properties' to 'false' to disable
11:43:54.160 logback [restartedMain] INFO  o.s.b.d.e.DevToolsPropertyDefaultsPostProcessor - For additional web related logging consider setting the 'logging.level.web' property to 'DEBUG'
11:43:55.013 logback [restartedMain] INFO  o.s.d.r.c.RepositoryConfigurationDelegate - Multiple Spring Data modules found, entering strict repository configuration mode!
11:43:55.016 logback [restartedMain] INFO  o.s.d.r.c.RepositoryConfigurationDelegate - Bootstrapping Spring Data Redis repositories in DEFAULT mode.
11:43:55.049 logback [restartedMain] INFO  o.s.d.r.c.RepositoryConfigurationDelegate - Finished Spring Data repository scanning in 17ms. Found 0 Redis repository interfaces.
11:43:55.870 logback [restartedMain] INFO  o.s.b.w.e.tomcat.TomcatWebServer - Tomcat initialized with port(s): 8012 (http)
11:43:55.879 logback [restartedMain] INFO  o.a.coyote.http11.Http11NioProtocol - Initializing ProtocolHandler ["http-nio-8012"]
11:43:55.880 logback [restartedMain] INFO  o.a.catalina.core.StandardService - Starting service [Tomcat]
11:43:55.880 logback [restartedMain] INFO  o.a.catalina.core.StandardEngine - Starting Servlet engine: [Apache Tomcat/9.0.31]
11:43:55.946 logback [restartedMain] INFO  o.a.c.c.C.[Tomcat].[localhost].[/] - Initializing Spring embedded WebApplicationContext
11:43:55.947 logback [restartedMain] INFO  o.s.web.context.ContextLoader - Root WebApplicationContext: initialization completed in 1787 ms
11:43:56.839 logback [restartedMain] INFO  o.s.s.c.ThreadPoolTaskExecutor - Initializing ExecutorService 'applicationTaskExecutor'
11:43:56.856 logback [restartedMain] INFO  o.s.b.d.a.OptionalLiveReloadServer - LiveReload server is running on port 35729
11:43:56.936 logback [restartedMain] WARN  o.s.b.a.t.ThymeleafAutoConfiguration$DefaultTemplateResolverConfiguration - Cannot find template location: classpath:/templates/ (please add some templates or check your Thymeleaf configuration)
11:43:57.077 logback [restartedMain] INFO  s.d.s.w.p.DocumentationPluginsBootstrapper - Context refreshed
11:43:57.091 logback [restartedMain] INFO  s.d.s.w.p.DocumentationPluginsBootstrapper - Found 1 custom documentation plugin(s)
11:43:57.107 logback [restartedMain] INFO  s.d.s.w.s.ApiListingReferenceScanner - Scanning for api listing references
11:43:57.239 logback [restartedMain] INFO  o.a.coyote.http11.Http11NioProtocol - Starting ProtocolHandler ["http-nio-8012"]
11:43:57.261 logback [restartedMain] INFO  o.s.b.w.e.tomcat.TomcatWebServer - Tomcat started on port(s): 8012 (http) with context path ''
11:43:57.265 logback [restartedMain] INFO  c.e.s.SpringbootSonApplication - Started SpringbootSonApplication in 3.746 seconds (JVM running for 4.291)
11:44:18.636 logback [SpringContextShutdownHook] INFO  o.s.s.c.ThreadPoolTaskExecutor - Shutting down ExecutorService 'applicationTaskExecutor'
11:48:26.146 logback [restartedMain] INFO  c.e.s.SpringbootSonApplication - Starting SpringbootSonApplication on cengyujundeMacBook-Pro.local with PID 1031 (/Users/cengyujun/java_objct/springboot_son/target/classes started by cengyujun in /Users/cengyujun/java_objct/springboot_son)
11:48:26.150 logback [restartedMain] INFO  c.e.s.SpringbootSonApplication - The following profiles are active: dev
11:48:26.204 logback [restartedMain] INFO  o.s.b.d.e.DevToolsPropertyDefaultsPostProcessor - Devtools property defaults active! Set 'spring.devtools.add-properties' to 'false' to disable
11:48:26.204 logback [restartedMain] INFO  o.s.b.d.e.DevToolsPropertyDefaultsPostProcessor - For additional web related logging consider setting the 'logging.level.web' property to 'DEBUG'
11:48:27.063 logback [restartedMain] INFO  o.s.d.r.c.RepositoryConfigurationDelegate - Multiple Spring Data modules found, entering strict repository configuration mode!
11:48:27.066 logback [restartedMain] INFO  o.s.d.r.c.RepositoryConfigurationDelegate - Bootstrapping Spring Data Redis repositories in DEFAULT mode.
11:48:27.099 logback [restartedMain] INFO  o.s.d.r.c.RepositoryConfigurationDelegate - Finished Spring Data repository scanning in 15ms. Found 0 Redis repository interfaces.
11:48:27.929 logback [restartedMain] INFO  o.s.b.w.e.tomcat.TomcatWebServer - Tomcat initialized with port(s): 8012 (http)
11:48:27.939 logback [restartedMain] INFO  o.a.coyote.http11.Http11NioProtocol - Initializing ProtocolHandler ["http-nio-8012"]
11:48:27.939 logback [restartedMain] INFO  o.a.catalina.core.StandardService - Starting service [Tomcat]
11:48:27.939 logback [restartedMain] INFO  o.a.catalina.core.StandardEngine - Starting Servlet engine: [Apache Tomcat/9.0.31]
11:48:28.008 logback [restartedMain] INFO  o.a.c.c.C.[Tomcat].[localhost].[/] - Initializing Spring embedded WebApplicationContext
11:48:28.009 logback [restartedMain] INFO  o.s.web.context.ContextLoader - Root WebApplicationContext: initialization completed in 1805 ms
11:48:28.904 logback [restartedMain] INFO  o.s.s.c.ThreadPoolTaskExecutor - Initializing ExecutorService 'applicationTaskExecutor'
11:48:28.922 logback [restartedMain] INFO  o.s.b.d.a.OptionalLiveReloadServer - LiveReload server is running on port 35729
11:48:28.999 logback [restartedMain] WARN  o.s.b.a.t.ThymeleafAutoConfiguration$DefaultTemplateResolverConfiguration - Cannot find template location: classpath:/templates/ (please add some templates or check your Thymeleaf configuration)
11:48:29.151 logback [restartedMain] INFO  s.d.s.w.p.DocumentationPluginsBootstrapper - Context refreshed
11:48:29.166 logback [restartedMain] INFO  s.d.s.w.p.DocumentationPluginsBootstrapper - Found 1 custom documentation plugin(s)
11:48:29.181 logback [restartedMain] INFO  s.d.s.w.s.ApiListingReferenceScanner - Scanning for api listing references
11:48:29.310 logback [restartedMain] INFO  o.a.coyote.http11.Http11NioProtocol - Starting ProtocolHandler ["http-nio-8012"]
11:48:29.333 logback [restartedMain] INFO  o.s.b.w.e.tomcat.TomcatWebServer - Tomcat started on port(s): 8012 (http) with context path ''
11:48:29.337 logback [restartedMain] INFO  c.e.s.SpringbootSonApplication - Started SpringbootSonApplication in 3.724 seconds (JVM running for 4.239)
11:49:13.104 logback [SpringContextShutdownHook] INFO  o.s.s.c.ThreadPoolTaskExecutor - Shutting down ExecutorService 'applicationTaskExecutor'
12:10:45.965 logback [main] WARN  o.s.b.t.j.DuplicateJsonObjectContextCustomizerFactory$DuplicateJsonObjectContextCustomizer - 

Found multiple occurrences of org.json.JSONObject on the class path:

	jar:file:/Users/cengyujun/.m2/repository/com/vaadin/external/google/android-json/0.0.20131108.vaadin1/android-json-0.0.20131108.vaadin1.jar!/org/json/JSONObject.class
	jar:file:/Users/cengyujun/.m2/repository/org/json/json/20170516/json-20170516.jar!/org/json/JSONObject.class

You may wish to exclude one of them to ensure predictable runtime behavior

12:10:45.983 logback [main] INFO  c.e.s.SpringbootSonApplicationTests - Starting SpringbootSonApplicationTests on cengyujundeMacBook-Pro.local with PID 1091 (started by cengyujun in /Users/cengyujun/java_objct/springboot_son)
12:10:45.983 logback [main] INFO  c.e.s.SpringbootSonApplicationTests - The following profiles are active: dev
12:10:46.828 logback [main] INFO  o.s.d.r.c.RepositoryConfigurationDelegate - Multiple Spring Data modules found, entering strict repository configuration mode!
12:10:46.831 logback [main] INFO  o.s.d.r.c.RepositoryConfigurationDelegate - Bootstrapping Spring Data Redis repositories in DEFAULT mode.
12:10:46.868 logback [main] INFO  o.s.d.r.c.RepositoryConfigurationDelegate - Finished Spring Data repository scanning in 19ms. Found 0 Redis repository interfaces.
12:10:48.889 logback [main] INFO  o.s.s.c.ThreadPoolTaskExecutor - Initializing ExecutorService 'applicationTaskExecutor'
12:10:49.020 logback [main] WARN  o.s.b.a.t.ThymeleafAutoConfiguration$DefaultTemplateResolverConfiguration - Cannot find template location: classpath:/templates/ (please add some templates or check your Thymeleaf configuration)
12:10:49.256 logback [main] INFO  s.d.s.w.p.DocumentationPluginsBootstrapper - Context refreshed
12:10:49.273 logback [main] INFO  s.d.s.w.p.DocumentationPluginsBootstrapper - Found 1 custom documentation plugin(s)
12:10:49.290 logback [main] INFO  s.d.s.w.s.ApiListingReferenceScanner - Scanning for api listing references
12:10:49.436 logback [main] INFO  c.e.s.SpringbootSonApplicationTests - Started SpringbootSonApplicationTests in 3.968 seconds (JVM running for 5.114)
12:10:49.946 logback [main] INFO  io.lettuce.core.EpollProvider - Starting without optional epoll library
12:10:49.947 logback [main] INFO  io.lettuce.core.KqueueProvider - Starting without optional kqueue library
12:10:50.090 logback [SpringContextShutdownHook] INFO  o.s.s.c.ThreadPoolTaskExecutor - Shutting down ExecutorService 'applicationTaskExecutor'
12:11:12.025 logback [main] WARN  o.s.b.t.j.DuplicateJsonObjectContextCustomizerFactory$DuplicateJsonObjectContextCustomizer - 

Found multiple occurrences of org.json.JSONObject on the class path:

	jar:file:/Users/cengyujun/.m2/repository/com/vaadin/external/google/android-json/0.0.20131108.vaadin1/android-json-0.0.20131108.vaadin1.jar!/org/json/JSONObject.class
	jar:file:/Users/cengyujun/.m2/repository/org/json/json/20170516/json-20170516.jar!/org/json/JSONObject.class

You may wish to exclude one of them to ensure predictable runtime behavior

12:11:12.045 logback [main] INFO  c.e.s.SpringbootSonApplicationTests - Starting SpringbootSonApplicationTests on cengyujundeMacBook-Pro.local with PID 1095 (started by cengyujun in /Users/cengyujun/java_objct/springboot_son)
12:11:12.049 logback [main] INFO  c.e.s.SpringbootSonApplicationTests - The following profiles are active: dev
12:11:12.748 logback [main] INFO  o.s.d.r.c.RepositoryConfigurationDelegate - Multiple Spring Data modules found, entering strict repository configuration mode!
12:11:12.750 logback [main] INFO  o.s.d.r.c.RepositoryConfigurationDelegate - Bootstrapping Spring Data Redis repositories in DEFAULT mode.
12:11:12.778 logback [main] INFO  o.s.d.r.c.RepositoryConfigurationDelegate - Finished Spring Data repository scanning in 15ms. Found 0 Redis repository interfaces.
12:11:14.452 logback [main] INFO  o.s.s.c.ThreadPoolTaskExecutor - Initializing ExecutorService 'applicationTaskExecutor'
12:11:14.567 logback [main] WARN  o.s.b.a.t.ThymeleafAutoConfiguration$DefaultTemplateResolverConfiguration - Cannot find template location: classpath:/templates/ (please add some templates or check your Thymeleaf configuration)
12:11:14.781 logback [main] INFO  s.d.s.w.p.DocumentationPluginsBootstrapper - Context refreshed
12:11:14.793 logback [main] INFO  s.d.s.w.p.DocumentationPluginsBootstrapper - Found 1 custom documentation plugin(s)
12:11:14.808 logback [main] INFO  s.d.s.w.s.ApiListingReferenceScanner - Scanning for api listing references
12:11:14.940 logback [main] INFO  c.e.s.SpringbootSonApplicationTests - Started SpringbootSonApplicationTests in 3.415 seconds (JVM running for 4.452)
12:11:15.325 logback [main] INFO  io.lettuce.core.EpollProvider - Starting without optional epoll library
12:11:15.326 logback [main] INFO  io.lettuce.core.KqueueProvider - Starting without optional kqueue library
12:11:15.453 logback [SpringContextShutdownHook] INFO  o.s.s.c.ThreadPoolTaskExecutor - Shutting down ExecutorService 'applicationTaskExecutor'
12:11:32.491 logback [restartedMain] INFO  c.e.s.SpringbootSonApplication - Starting SpringbootSonApplication on cengyujundeMacBook-Pro.local with PID 1099 (/Users/cengyujun/java_objct/springboot_son/target/classes started by cengyujun in /Users/cengyujun/java_objct/springboot_son)
12:11:32.494 logback [restartedMain] INFO  c.e.s.SpringbootSonApplication - The following profiles are active: dev
12:11:32.552 logback [restartedMain] INFO  o.s.b.d.e.DevToolsPropertyDefaultsPostProcessor - Devtools property defaults active! Set 'spring.devtools.add-properties' to 'false' to disable
12:11:32.553 logback [restartedMain] INFO  o.s.b.d.e.DevToolsPropertyDefaultsPostProcessor - For additional web related logging consider setting the 'logging.level.web' property to 'DEBUG'
12:11:33.398 logback [restartedMain] INFO  o.s.d.r.c.RepositoryConfigurationDelegate - Multiple Spring Data modules found, entering strict repository configuration mode!
12:11:33.401 logback [restartedMain] INFO  o.s.d.r.c.RepositoryConfigurationDelegate - Bootstrapping Spring Data Redis repositories in DEFAULT mode.
12:11:33.436 logback [restartedMain] INFO  o.s.d.r.c.RepositoryConfigurationDelegate - Finished Spring Data repository scanning in 19ms. Found 0 Redis repository interfaces.
12:11:34.360 logback [restartedMain] INFO  o.s.b.w.e.tomcat.TomcatWebServer - Tomcat initialized with port(s): 8012 (http)
12:11:34.372 logback [restartedMain] INFO  o.a.coyote.http11.Http11NioProtocol - Initializing ProtocolHandler ["http-nio-8012"]
12:11:34.372 logback [restartedMain] INFO  o.a.catalina.core.StandardService - Starting service [Tomcat]
12:11:34.372 logback [restartedMain] INFO  o.a.catalina.core.StandardEngine - Starting Servlet engine: [Apache Tomcat/9.0.31]
12:11:34.467 logback [restartedMain] INFO  o.a.c.c.C.[Tomcat].[localhost].[/] - Initializing Spring embedded WebApplicationContext
12:11:34.467 logback [restartedMain] INFO  o.s.web.context.ContextLoader - Root WebApplicationContext: initialization completed in 1914 ms
12:11:35.426 logback [restartedMain] INFO  o.s.s.c.ThreadPoolTaskExecutor - Initializing ExecutorService 'applicationTaskExecutor'
12:11:35.458 logback [restartedMain] INFO  o.s.b.d.a.OptionalLiveReloadServer - LiveReload server is running on port 35729
12:11:35.541 logback [restartedMain] WARN  o.s.b.a.t.ThymeleafAutoConfiguration$DefaultTemplateResolverConfiguration - Cannot find template location: classpath:/templates/ (please add some templates or check your Thymeleaf configuration)
12:11:35.702 logback [restartedMain] INFO  s.d.s.w.p.DocumentationPluginsBootstrapper - Context refreshed
12:11:35.741 logback [restartedMain] INFO  s.d.s.w.p.DocumentationPluginsBootstrapper - Found 1 custom documentation plugin(s)
12:11:35.758 logback [restartedMain] INFO  s.d.s.w.s.ApiListingReferenceScanner - Scanning for api listing references
12:11:35.969 logback [restartedMain] INFO  o.a.coyote.http11.Http11NioProtocol - Starting ProtocolHandler ["http-nio-8012"]
12:11:35.997 logback [restartedMain] INFO  o.s.b.w.e.tomcat.TomcatWebServer - Tomcat started on port(s): 8012 (http) with context path ''
12:11:36.001 logback [restartedMain] INFO  c.e.s.SpringbootSonApplication - Started SpringbootSonApplication in 4.226 seconds (JVM running for 5.713)
12:11:42.955 logback [main] WARN  o.s.b.t.j.DuplicateJsonObjectContextCustomizerFactory$DuplicateJsonObjectContextCustomizer - 

Found multiple occurrences of org.json.JSONObject on the class path:

	jar:file:/Users/cengyujun/.m2/repository/com/vaadin/external/google/android-json/0.0.20131108.vaadin1/android-json-0.0.20131108.vaadin1.jar!/org/json/JSONObject.class
	jar:file:/Users/cengyujun/.m2/repository/org/json/json/20170516/json-20170516.jar!/org/json/JSONObject.class

You may wish to exclude one of them to ensure predictable runtime behavior

12:11:42.971 logback [main] INFO  c.e.s.SpringbootSonApplicationTests - Starting SpringbootSonApplicationTests on cengyujundeMacBook-Pro.local with PID 1101 (started by cengyujun in /Users/cengyujun/java_objct/springboot_son)
12:11:42.971 logback [main] INFO  c.e.s.SpringbootSonApplicationTests - The following profiles are active: dev
12:11:43.770 logback [main] INFO  o.s.d.r.c.RepositoryConfigurationDelegate - Multiple Spring Data modules found, entering strict repository configuration mode!
12:11:43.773 logback [main] INFO  o.s.d.r.c.RepositoryConfigurationDelegate - Bootstrapping Spring Data Redis repositories in DEFAULT mode.
12:11:43.803 logback [main] INFO  o.s.d.r.c.RepositoryConfigurationDelegate - Finished Spring Data repository scanning in 18ms. Found 0 Redis repository interfaces.
12:11:45.523 logback [main] INFO  o.s.s.c.ThreadPoolTaskExecutor - Initializing ExecutorService 'applicationTaskExecutor'
12:11:45.638 logback [main] WARN  o.s.b.a.t.ThymeleafAutoConfiguration$DefaultTemplateResolverConfiguration - Cannot find template location: classpath:/templates/ (please add some templates or check your Thymeleaf configuration)
12:11:45.831 logback [main] INFO  s.d.s.w.p.DocumentationPluginsBootstrapper - Context refreshed
12:11:45.846 logback [main] INFO  s.d.s.w.p.DocumentationPluginsBootstrapper - Found 1 custom documentation plugin(s)
12:11:45.861 logback [main] INFO  s.d.s.w.s.ApiListingReferenceScanner - Scanning for api listing references
12:11:46.009 logback [main] INFO  c.e.s.SpringbootSonApplicationTests - Started SpringbootSonApplicationTests in 3.536 seconds (JVM running for 4.719)
12:11:46.493 logback [main] INFO  io.lettuce.core.EpollProvider - Starting without optional epoll library
12:11:46.495 logback [main] INFO  io.lettuce.core.KqueueProvider - Starting without optional kqueue library
12:11:46.638 logback [SpringContextShutdownHook] INFO  o.s.s.c.ThreadPoolTaskExecutor - Shutting down ExecutorService 'applicationTaskExecutor'
14:18:53.214 logback [SpringContextShutdownHook] INFO  o.s.s.c.ThreadPoolTaskExecutor - Shutting down ExecutorService 'applicationTaskExecutor'
