09:18:15.160 logback [restartedMain] INFO  c.e.s.SpringbootSonApplication - Starting SpringbootSonApplication on cengyujundeMacBook-Pro.local with PID 749 (/Users/cengyujun/java_objct/springboot_son/target/classes started by cengyujun in /Users/cengyujun/java_objct/springboot_son)
09:18:15.163 logback [restartedMain] INFO  c.e.s.SpringbootSonApplication - The following profiles are active: dev
09:18:15.205 logback [restartedMain] INFO  o.s.b.d.e.DevToolsPropertyDefaultsPostProcessor - Devtools property defaults active! Set 'spring.devtools.add-properties' to 'false' to disable
09:18:15.205 logback [restartedMain] INFO  o.s.b.d.e.DevToolsPropertyDefaultsPostProcessor - For additional web related logging consider setting the 'logging.level.web' property to 'DEBUG'
09:18:16.211 logback [restartedMain] INFO  o.s.d.r.c.RepositoryConfigurationDelegate - Multiple Spring Data modules found, entering strict repository configuration mode!
09:18:16.214 logback [restartedMain] INFO  o.s.d.r.c.RepositoryConfigurationDelegate - Bootstrapping Spring Data Redis repositories in DEFAULT mode.
09:18:16.250 logback [restartedMain] INFO  o.s.d.r.c.RepositoryConfigurationDelegate - Finished Spring Data repository scanning in 19ms. Found 0 Redis repository interfaces.
09:18:16.867 logback [restartedMain] INFO  o.s.b.w.e.tomcat.TomcatWebServer - Tomcat initialized with port(s): 8012 (http)
09:18:16.875 logback [restartedMain] INFO  o.a.coyote.http11.Http11NioProtocol - Initializing ProtocolHandler ["http-nio-8012"]
09:18:16.876 logback [restartedMain] INFO  o.a.catalina.core.StandardService - Starting service [Tomcat]
09:18:16.876 logback [restartedMain] INFO  o.a.catalina.core.StandardEngine - Starting Servlet engine: [Apache Tomcat/9.0.31]
09:18:16.943 logback [restartedMain] INFO  o.a.c.c.C.[Tomcat].[localhost].[/] - Initializing Spring embedded WebApplicationContext
09:18:16.943 logback [restartedMain] INFO  o.s.web.context.ContextLoader - Root WebApplicationContext: initialization completed in 1738 ms
09:18:17.923 logback [restartedMain] INFO  o.s.s.c.ThreadPoolTaskExecutor - Initializing ExecutorService 'applicationTaskExecutor'
09:18:17.969 logback [restartedMain] INFO  o.s.b.d.a.OptionalLiveReloadServer - LiveReload server is running on port 35729
09:18:18.058 logback [restartedMain] WARN  o.s.b.a.t.ThymeleafAutoConfiguration$DefaultTemplateResolverConfiguration - Cannot find template location: classpath:/templates/ (please add some templates or check your Thymeleaf configuration)
09:18:18.260 logback [restartedMain] INFO  s.d.s.w.p.DocumentationPluginsBootstrapper - Context refreshed
09:18:18.275 logback [restartedMain] INFO  s.d.s.w.p.DocumentationPluginsBootstrapper - Found 1 custom documentation plugin(s)
09:18:18.286 logback [restartedMain] INFO  s.d.s.w.s.ApiListingReferenceScanner - Scanning for api listing references
09:18:18.476 logback [restartedMain] INFO  o.a.coyote.http11.Http11NioProtocol - Starting ProtocolHandler ["http-nio-8012"]
09:18:18.510 logback [restartedMain] INFO  o.s.b.w.e.tomcat.TomcatWebServer - Tomcat started on port(s): 8012 (http) with context path ''
09:18:18.513 logback [restartedMain] INFO  c.e.s.SpringbootSonApplication - Started SpringbootSonApplication in 3.789 seconds (JVM running for 4.374)
09:39:59.335 logback [http-nio-8012-exec-1] INFO  o.a.c.c.C.[Tomcat].[localhost].[/] - Initializing Spring DispatcherServlet 'dispatcherServlet'
09:39:59.335 logback [http-nio-8012-exec-1] INFO  o.s.web.servlet.DispatcherServlet - Initializing Servlet 'dispatcherServlet'
09:39:59.344 logback [http-nio-8012-exec-1] INFO  o.s.web.servlet.DispatcherServlet - Completed initialization in 9 ms
09:40:17.503 logback [http-nio-8012-exec-8] INFO  com.zaxxer.hikari.HikariDataSource - HikariPool-1 - Starting...
09:40:17.504 logback [http-nio-8012-exec-8] WARN  c.z.hikari.util.DriverDataSource - Registered driver with driverClassName=com.mysql.jdbc.Driver was not found, trying direct instantiation.
09:40:18.383 logback [http-nio-8012-exec-8] INFO  com.zaxxer.hikari.HikariDataSource - HikariPool-1 - Start completed.
09:43:13.853 logback [SpringContextShutdownHook] INFO  o.s.s.c.ThreadPoolTaskExecutor - Shutting down ExecutorService 'applicationTaskExecutor'
09:43:13.871 logback [SpringContextShutdownHook] INFO  com.zaxxer.hikari.HikariDataSource - HikariPool-1 - Shutdown initiated...
09:43:13.884 logback [SpringContextShutdownHook] INFO  com.zaxxer.hikari.HikariDataSource - HikariPool-1 - Shutdown completed.
09:43:37.950 logback [restartedMain] INFO  c.e.s.SpringbootSonApplication - Starting SpringbootSonApplication on cengyujundeMacBook-Pro.local with PID 800 (/Users/cengyujun/java_objct/springboot_son/target/classes started by cengyujun in /Users/cengyujun/java_objct/springboot_son)
09:43:37.954 logback [restartedMain] INFO  c.e.s.SpringbootSonApplication - The following profiles are active: dev
09:43:37.996 logback [restartedMain] INFO  o.s.b.d.e.DevToolsPropertyDefaultsPostProcessor - Devtools property defaults active! Set 'spring.devtools.add-properties' to 'false' to disable
09:43:37.996 logback [restartedMain] INFO  o.s.b.d.e.DevToolsPropertyDefaultsPostProcessor - For additional web related logging consider setting the 'logging.level.web' property to 'DEBUG'
09:43:38.676 logback [restartedMain] INFO  o.s.d.r.c.RepositoryConfigurationDelegate - Multiple Spring Data modules found, entering strict repository configuration mode!
09:43:38.678 logback [restartedMain] INFO  o.s.d.r.c.RepositoryConfigurationDelegate - Bootstrapping Spring Data Redis repositories in DEFAULT mode.
09:43:38.707 logback [restartedMain] INFO  o.s.d.r.c.RepositoryConfigurationDelegate - Finished Spring Data repository scanning in 17ms. Found 0 Redis repository interfaces.
09:43:39.245 logback [restartedMain] INFO  o.s.b.w.e.tomcat.TomcatWebServer - Tomcat initialized with port(s): 8012 (http)
09:43:39.251 logback [restartedMain] INFO  o.a.coyote.http11.Http11NioProtocol - Initializing ProtocolHandler ["http-nio-8012"]
09:43:39.252 logback [restartedMain] INFO  o.a.catalina.core.StandardService - Starting service [Tomcat]
09:43:39.252 logback [restartedMain] INFO  o.a.catalina.core.StandardEngine - Starting Servlet engine: [Apache Tomcat/9.0.31]
09:43:39.369 logback [restartedMain] INFO  o.a.c.c.C.[Tomcat].[localhost].[/] - Initializing Spring embedded WebApplicationContext
09:43:39.369 logback [restartedMain] INFO  o.s.web.context.ContextLoader - Root WebApplicationContext: initialization completed in 1373 ms
09:43:40.085 logback [restartedMain] INFO  o.s.s.c.ThreadPoolTaskExecutor - Initializing ExecutorService 'applicationTaskExecutor'
09:43:40.114 logback [restartedMain] INFO  o.s.b.d.a.OptionalLiveReloadServer - LiveReload server is running on port 35729
09:43:40.167 logback [restartedMain] WARN  o.s.b.a.t.ThymeleafAutoConfiguration$DefaultTemplateResolverConfiguration - Cannot find template location: classpath:/templates/ (please add some templates or check your Thymeleaf configuration)
09:43:40.296 logback [restartedMain] INFO  s.d.s.w.p.DocumentationPluginsBootstrapper - Context refreshed
09:43:40.305 logback [restartedMain] INFO  s.d.s.w.p.DocumentationPluginsBootstrapper - Found 1 custom documentation plugin(s)
09:43:40.314 logback [restartedMain] INFO  s.d.s.w.s.ApiListingReferenceScanner - Scanning for api listing references
09:43:40.447 logback [restartedMain] INFO  o.a.coyote.http11.Http11NioProtocol - Starting ProtocolHandler ["http-nio-8012"]
09:43:40.470 logback [restartedMain] INFO  o.s.b.w.e.tomcat.TomcatWebServer - Tomcat started on port(s): 8012 (http) with context path ''
09:43:40.472 logback [restartedMain] INFO  c.e.s.SpringbootSonApplication - Started SpringbootSonApplication in 2.9 seconds (JVM running for 3.419)
09:43:53.096 logback [http-nio-8012-exec-1] INFO  o.a.c.c.C.[Tomcat].[localhost].[/] - Initializing Spring DispatcherServlet 'dispatcherServlet'
09:43:53.096 logback [http-nio-8012-exec-1] INFO  o.s.web.servlet.DispatcherServlet - Initializing Servlet 'dispatcherServlet'
09:43:53.101 logback [http-nio-8012-exec-1] INFO  o.s.web.servlet.DispatcherServlet - Completed initialization in 5 ms
09:43:53.142 logback [http-nio-8012-exec-1] INFO  com.zaxxer.hikari.HikariDataSource - HikariPool-1 - Starting...
09:43:53.143 logback [http-nio-8012-exec-1] WARN  c.z.hikari.util.DriverDataSource - Registered driver with driverClassName=com.mysql.jdbc.Driver was not found, trying direct instantiation.
09:43:53.963 logback [http-nio-8012-exec-1] INFO  com.zaxxer.hikari.HikariDataSource - HikariPool-1 - Start completed.
09:45:53.339 logback [SpringContextShutdownHook] INFO  o.s.s.c.ThreadPoolTaskExecutor - Shutting down ExecutorService 'applicationTaskExecutor'
09:45:53.353 logback [SpringContextShutdownHook] INFO  com.zaxxer.hikari.HikariDataSource - HikariPool-1 - Shutdown initiated...
09:45:53.363 logback [SpringContextShutdownHook] INFO  com.zaxxer.hikari.HikariDataSource - HikariPool-1 - Shutdown completed.
09:46:07.766 logback [restartedMain] INFO  c.e.s.SpringbootSonApplication - Starting SpringbootSonApplication on cengyujundeMacBook-Pro.local with PID 820 (/Users/cengyujun/java_objct/springboot_son/target/classes started by cengyujun in /Users/cengyujun/java_objct/springboot_son)
09:46:07.768 logback [restartedMain] INFO  c.e.s.SpringbootSonApplication - The following profiles are active: dev
09:46:07.803 logback [restartedMain] INFO  o.s.b.d.e.DevToolsPropertyDefaultsPostProcessor - Devtools property defaults active! Set 'spring.devtools.add-properties' to 'false' to disable
09:46:07.803 logback [restartedMain] INFO  o.s.b.d.e.DevToolsPropertyDefaultsPostProcessor - For additional web related logging consider setting the 'logging.level.web' property to 'DEBUG'
09:46:08.550 logback [restartedMain] INFO  o.s.d.r.c.RepositoryConfigurationDelegate - Multiple Spring Data modules found, entering strict repository configuration mode!
09:46:08.552 logback [restartedMain] INFO  o.s.d.r.c.RepositoryConfigurationDelegate - Bootstrapping Spring Data Redis repositories in DEFAULT mode.
09:46:08.580 logback [restartedMain] INFO  o.s.d.r.c.RepositoryConfigurationDelegate - Finished Spring Data repository scanning in 16ms. Found 0 Redis repository interfaces.
09:46:09.125 logback [restartedMain] INFO  o.s.b.w.e.tomcat.TomcatWebServer - Tomcat initialized with port(s): 8012 (http)
09:46:09.131 logback [restartedMain] INFO  o.a.coyote.http11.Http11NioProtocol - Initializing ProtocolHandler ["http-nio-8012"]
09:46:09.131 logback [restartedMain] INFO  o.a.catalina.core.StandardService - Starting service [Tomcat]
09:46:09.131 logback [restartedMain] INFO  o.a.catalina.core.StandardEngine - Starting Servlet engine: [Apache Tomcat/9.0.31]
09:46:09.237 logback [restartedMain] INFO  o.a.c.c.C.[Tomcat].[localhost].[/] - Initializing Spring embedded WebApplicationContext
09:46:09.238 logback [restartedMain] INFO  o.s.web.context.ContextLoader - Root WebApplicationContext: initialization completed in 1435 ms
09:46:09.940 logback [restartedMain] INFO  o.s.s.c.ThreadPoolTaskExecutor - Initializing ExecutorService 'applicationTaskExecutor'
09:46:09.972 logback [restartedMain] INFO  o.s.b.d.a.OptionalLiveReloadServer - LiveReload server is running on port 35729
09:46:10.032 logback [restartedMain] WARN  o.s.b.a.t.ThymeleafAutoConfiguration$DefaultTemplateResolverConfiguration - Cannot find template location: classpath:/templates/ (please add some templates or check your Thymeleaf configuration)
09:46:10.181 logback [restartedMain] INFO  s.d.s.w.p.DocumentationPluginsBootstrapper - Context refreshed
09:46:10.189 logback [restartedMain] INFO  s.d.s.w.p.DocumentationPluginsBootstrapper - Found 1 custom documentation plugin(s)
09:46:10.198 logback [restartedMain] INFO  s.d.s.w.s.ApiListingReferenceScanner - Scanning for api listing references
09:46:10.335 logback [restartedMain] INFO  o.a.coyote.http11.Http11NioProtocol - Starting ProtocolHandler ["http-nio-8012"]
09:46:10.358 logback [restartedMain] INFO  o.s.b.w.e.tomcat.TomcatWebServer - Tomcat started on port(s): 8012 (http) with context path ''
09:46:10.360 logback [restartedMain] INFO  c.e.s.SpringbootSonApplication - Started SpringbootSonApplication in 2.968 seconds (JVM running for 3.458)
09:46:18.846 logback [http-nio-8012-exec-1] INFO  o.a.c.c.C.[Tomcat].[localhost].[/] - Initializing Spring DispatcherServlet 'dispatcherServlet'
09:46:18.847 logback [http-nio-8012-exec-1] INFO  o.s.web.servlet.DispatcherServlet - Initializing Servlet 'dispatcherServlet'
09:46:18.851 logback [http-nio-8012-exec-1] INFO  o.s.web.servlet.DispatcherServlet - Completed initialization in 4 ms
09:46:18.893 logback [http-nio-8012-exec-1] INFO  com.zaxxer.hikari.HikariDataSource - HikariPool-1 - Starting...
09:46:18.893 logback [http-nio-8012-exec-1] WARN  c.z.hikari.util.DriverDataSource - Registered driver with driverClassName=com.mysql.jdbc.Driver was not found, trying direct instantiation.
09:46:19.682 logback [http-nio-8012-exec-1] INFO  com.zaxxer.hikari.HikariDataSource - HikariPool-1 - Start completed.
10:39:02.005 logback [SpringContextShutdownHook] INFO  o.s.s.c.ThreadPoolTaskExecutor - Shutting down ExecutorService 'applicationTaskExecutor'
10:39:02.041 logback [SpringContextShutdownHook] INFO  com.zaxxer.hikari.HikariDataSource - HikariPool-1 - Shutdown initiated...
10:39:02.053 logback [SpringContextShutdownHook] INFO  com.zaxxer.hikari.HikariDataSource - HikariPool-1 - Shutdown completed.
10:49:38.735 logback [restartedMain] INFO  c.e.s.SpringbootSonApplication - Starting SpringbootSonApplication on cengyujundeMacBook-Pro.local with PID 1102 (/Users/cengyujun/java_objct/springboot_son/target/classes started by cengyujun in /Users/cengyujun/java_objct/springboot_son)
10:49:38.737 logback [restartedMain] INFO  c.e.s.SpringbootSonApplication - The following profiles are active: dev
10:49:38.793 logback [restartedMain] INFO  o.s.b.d.e.DevToolsPropertyDefaultsPostProcessor - Devtools property defaults active! Set 'spring.devtools.add-properties' to 'false' to disable
10:49:38.793 logback [restartedMain] INFO  o.s.b.d.e.DevToolsPropertyDefaultsPostProcessor - For additional web related logging consider setting the 'logging.level.web' property to 'DEBUG'
10:49:39.630 logback [restartedMain] INFO  o.s.d.r.c.RepositoryConfigurationDelegate - Multiple Spring Data modules found, entering strict repository configuration mode!
10:49:39.633 logback [restartedMain] INFO  o.s.d.r.c.RepositoryConfigurationDelegate - Bootstrapping Spring Data Redis repositories in DEFAULT mode.
10:49:39.672 logback [restartedMain] INFO  o.s.d.r.c.RepositoryConfigurationDelegate - Finished Spring Data repository scanning in 19ms. Found 0 Redis repository interfaces.
10:49:40.338 logback [restartedMain] INFO  o.s.b.w.e.tomcat.TomcatWebServer - Tomcat initialized with port(s): 8012 (http)
10:49:40.347 logback [restartedMain] INFO  o.a.coyote.http11.Http11NioProtocol - Initializing ProtocolHandler ["http-nio-8012"]
10:49:40.347 logback [restartedMain] INFO  o.a.catalina.core.StandardService - Starting service [Tomcat]
10:49:40.347 logback [restartedMain] INFO  o.a.catalina.core.StandardEngine - Starting Servlet engine: [Apache Tomcat/9.0.31]
10:49:40.488 logback [restartedMain] INFO  o.a.c.c.C.[Tomcat].[localhost].[/] - Initializing Spring embedded WebApplicationContext
10:49:40.488 logback [restartedMain] INFO  o.s.web.context.ContextLoader - Root WebApplicationContext: initialization completed in 1695 ms
10:49:41.452 logback [restartedMain] INFO  o.s.s.c.ThreadPoolTaskExecutor - Initializing ExecutorService 'applicationTaskExecutor'
10:49:41.508 logback [restartedMain] INFO  o.s.b.d.a.OptionalLiveReloadServer - LiveReload server is running on port 35729
10:49:41.587 logback [restartedMain] WARN  o.s.b.a.t.ThymeleafAutoConfiguration$DefaultTemplateResolverConfiguration - Cannot find template location: classpath:/templates/ (please add some templates or check your Thymeleaf configuration)
10:49:41.769 logback [restartedMain] INFO  s.d.s.w.p.DocumentationPluginsBootstrapper - Context refreshed
10:49:41.784 logback [restartedMain] INFO  s.d.s.w.p.DocumentationPluginsBootstrapper - Found 1 custom documentation plugin(s)
10:49:41.794 logback [restartedMain] INFO  s.d.s.w.s.ApiListingReferenceScanner - Scanning for api listing references
10:49:41.961 logback [restartedMain] INFO  o.a.coyote.http11.Http11NioProtocol - Starting ProtocolHandler ["http-nio-8012"]
10:49:41.987 logback [restartedMain] INFO  o.s.b.w.e.tomcat.TomcatWebServer - Tomcat started on port(s): 8012 (http) with context path ''
10:49:41.990 logback [restartedMain] INFO  c.e.s.SpringbootSonApplication - Started SpringbootSonApplication in 3.72 seconds (JVM running for 4.237)
10:50:14.418 logback [http-nio-8012-exec-1] INFO  o.a.c.c.C.[Tomcat].[localhost].[/] - Initializing Spring DispatcherServlet 'dispatcherServlet'
10:50:14.418 logback [http-nio-8012-exec-1] INFO  o.s.web.servlet.DispatcherServlet - Initializing Servlet 'dispatcherServlet'
10:50:14.425 logback [http-nio-8012-exec-1] INFO  o.s.web.servlet.DispatcherServlet - Completed initialization in 7 ms
10:50:28.191 logback [http-nio-8012-exec-8] INFO  c.e.s.service.VideoInfoService - 1>>>>>>>>>Page{count=true, pageNum=0, pageSize=6, startRow=0, endRow=0, total=0, pages=0, reasonable=null, pageSizeZero=null}[]
10:50:28.215 logback [http-nio-8012-exec-8] INFO  com.zaxxer.hikari.HikariDataSource - HikariPool-1 - Starting...
10:50:28.215 logback [http-nio-8012-exec-8] WARN  c.z.hikari.util.DriverDataSource - Registered driver with driverClassName=com.mysql.jdbc.Driver was not found, trying direct instantiation.
10:50:29.042 logback [http-nio-8012-exec-8] INFO  com.zaxxer.hikari.HikariDataSource - HikariPool-1 - Start completed.
10:50:29.159 logback [http-nio-8012-exec-8] INFO  c.e.s.service.VideoInfoService - userPage>>>..7
10:50:38.788 logback [http-nio-8012-exec-6] INFO  c.e.s.service.VideoInfoService - 1>>>>>>>>>Page{count=true, pageNum=0, pageSize=7, startRow=0, endRow=0, total=0, pages=0, reasonable=null, pageSizeZero=null}[]
10:50:43.805 logback [http-nio-8012-exec-6] WARN  com.zaxxer.hikari.pool.PoolBase - HikariPool-1 - Failed to validate connection com.mysql.cj.jdbc.ConnectionImpl@70ae5fab (No operations allowed after connection closed.). Possibly consider using a shorter maxLifetime value.
10:50:43.945 logback [http-nio-8012-exec-6] INFO  c.e.s.service.VideoInfoService - userPage>>>..7
10:50:57.324 logback [SpringContextShutdownHook] INFO  o.s.s.c.ThreadPoolTaskExecutor - Shutting down ExecutorService 'applicationTaskExecutor'
10:50:57.339 logback [SpringContextShutdownHook] INFO  com.zaxxer.hikari.HikariDataSource - HikariPool-1 - Shutdown initiated...
10:50:57.350 logback [SpringContextShutdownHook] INFO  com.zaxxer.hikari.HikariDataSource - HikariPool-1 - Shutdown completed.
11:23:10.509 logback [restartedMain] INFO  c.e.s.SpringbootSonApplication - Starting SpringbootSonApplication on cengyujundeMacBook-Pro.local with PID 1401 (/Users/cengyujun/java_objct/springboot_son/target/classes started by cengyujun in /Users/cengyujun/java_objct/springboot_son)
11:23:10.511 logback [restartedMain] INFO  c.e.s.SpringbootSonApplication - The following profiles are active: dev
11:23:10.550 logback [restartedMain] INFO  o.s.b.d.e.DevToolsPropertyDefaultsPostProcessor - Devtools property defaults active! Set 'spring.devtools.add-properties' to 'false' to disable
11:23:10.551 logback [restartedMain] INFO  o.s.b.d.e.DevToolsPropertyDefaultsPostProcessor - For additional web related logging consider setting the 'logging.level.web' property to 'DEBUG'
11:23:11.216 logback [restartedMain] INFO  o.s.d.r.c.RepositoryConfigurationDelegate - Multiple Spring Data modules found, entering strict repository configuration mode!
11:23:11.219 logback [restartedMain] INFO  o.s.d.r.c.RepositoryConfigurationDelegate - Bootstrapping Spring Data Redis repositories in DEFAULT mode.
11:23:11.264 logback [restartedMain] INFO  o.s.d.r.c.RepositoryConfigurationDelegate - Finished Spring Data repository scanning in 29ms. Found 0 Redis repository interfaces.
11:23:12.040 logback [restartedMain] INFO  o.s.b.w.e.tomcat.TomcatWebServer - Tomcat initialized with port(s): 8012 (http)
11:23:12.048 logback [restartedMain] INFO  o.a.coyote.http11.Http11NioProtocol - Initializing ProtocolHandler ["http-nio-8012"]
11:23:12.049 logback [restartedMain] INFO  o.a.catalina.core.StandardService - Starting service [Tomcat]
11:23:12.049 logback [restartedMain] INFO  o.a.catalina.core.StandardEngine - Starting Servlet engine: [Apache Tomcat/9.0.31]
11:23:12.167 logback [restartedMain] INFO  o.a.c.c.C.[Tomcat].[localhost].[/] - Initializing Spring embedded WebApplicationContext
11:23:12.167 logback [restartedMain] INFO  o.s.web.context.ContextLoader - Root WebApplicationContext: initialization completed in 1616 ms
11:23:13.072 logback [restartedMain] INFO  o.s.s.c.ThreadPoolTaskExecutor - Initializing ExecutorService 'applicationTaskExecutor'
11:23:13.106 logback [restartedMain] INFO  o.s.b.d.a.OptionalLiveReloadServer - LiveReload server is running on port 35729
11:23:13.173 logback [restartedMain] WARN  o.s.b.a.t.ThymeleafAutoConfiguration$DefaultTemplateResolverConfiguration - Cannot find template location: classpath:/templates/ (please add some templates or check your Thymeleaf configuration)
11:23:13.317 logback [restartedMain] INFO  s.d.s.w.p.DocumentationPluginsBootstrapper - Context refreshed
11:23:13.328 logback [restartedMain] INFO  s.d.s.w.p.DocumentationPluginsBootstrapper - Found 1 custom documentation plugin(s)
11:23:13.339 logback [restartedMain] INFO  s.d.s.w.s.ApiListingReferenceScanner - Scanning for api listing references
11:23:13.489 logback [restartedMain] INFO  o.a.coyote.http11.Http11NioProtocol - Starting ProtocolHandler ["http-nio-8012"]
11:23:13.519 logback [restartedMain] INFO  o.s.b.w.e.tomcat.TomcatWebServer - Tomcat started on port(s): 8012 (http) with context path ''
11:23:13.521 logback [restartedMain] INFO  c.e.s.SpringbootSonApplication - Started SpringbootSonApplication in 3.414 seconds (JVM running for 3.943)
11:23:29.084 logback [http-nio-8012-exec-1] INFO  o.a.c.c.C.[Tomcat].[localhost].[/] - Initializing Spring DispatcherServlet 'dispatcherServlet'
11:23:29.085 logback [http-nio-8012-exec-1] INFO  o.s.web.servlet.DispatcherServlet - Initializing Servlet 'dispatcherServlet'
11:23:29.090 logback [http-nio-8012-exec-1] INFO  o.s.web.servlet.DispatcherServlet - Completed initialization in 5 ms
11:23:29.112 logback [http-nio-8012-exec-1] INFO  c.e.s.service.VideoInfoService - 1>>>>>>>>>Page{count=true, pageNum=0, pageSize=7, startRow=0, endRow=0, total=0, pages=0, reasonable=null, pageSizeZero=null}[]
11:23:29.126 logback [http-nio-8012-exec-1] INFO  com.zaxxer.hikari.HikariDataSource - HikariPool-1 - Starting...
11:23:29.128 logback [http-nio-8012-exec-1] WARN  c.z.hikari.util.DriverDataSource - Registered driver with driverClassName=com.mysql.jdbc.Driver was not found, trying direct instantiation.
11:23:29.924 logback [http-nio-8012-exec-1] INFO  com.zaxxer.hikari.HikariDataSource - HikariPool-1 - Start completed.
11:23:30.058 logback [http-nio-8012-exec-1] INFO  c.e.s.service.VideoInfoService - userPage>>>..8
11:23:35.839 logback [SpringContextShutdownHook] INFO  o.s.s.c.ThreadPoolTaskExecutor - Shutting down ExecutorService 'applicationTaskExecutor'
11:23:35.854 logback [SpringContextShutdownHook] INFO  com.zaxxer.hikari.HikariDataSource - HikariPool-1 - Shutdown initiated...
11:23:35.862 logback [SpringContextShutdownHook] INFO  com.zaxxer.hikari.HikariDataSource - HikariPool-1 - Shutdown completed.
14:52:34.448 logback [restartedMain] INFO  c.e.s.SpringbootSonApplication - Starting SpringbootSonApplication on cengyujundeMacBook-Pro.local with PID 1893 (/Users/cengyujun/java_objct/springboot_son/target/classes started by cengyujun in /Users/cengyujun/java_objct/springboot_son)
14:52:34.451 logback [restartedMain] INFO  c.e.s.SpringbootSonApplication - The following profiles are active: dev
14:52:34.504 logback [restartedMain] INFO  o.s.b.d.e.DevToolsPropertyDefaultsPostProcessor - Devtools property defaults active! Set 'spring.devtools.add-properties' to 'false' to disable
14:52:34.504 logback [restartedMain] INFO  o.s.b.d.e.DevToolsPropertyDefaultsPostProcessor - For additional web related logging consider setting the 'logging.level.web' property to 'DEBUG'
14:52:35.209 logback [restartedMain] INFO  o.s.d.r.c.RepositoryConfigurationDelegate - Multiple Spring Data modules found, entering strict repository configuration mode!
14:52:35.211 logback [restartedMain] INFO  o.s.d.r.c.RepositoryConfigurationDelegate - Bootstrapping Spring Data Redis repositories in DEFAULT mode.
14:52:35.239 logback [restartedMain] INFO  o.s.d.r.c.RepositoryConfigurationDelegate - Finished Spring Data repository scanning in 16ms. Found 0 Redis repository interfaces.
14:52:35.853 logback [restartedMain] INFO  o.s.b.w.e.tomcat.TomcatWebServer - Tomcat initialized with port(s): 8012 (http)
14:52:35.862 logback [restartedMain] INFO  o.a.coyote.http11.Http11NioProtocol - Initializing ProtocolHandler ["http-nio-8012"]
14:52:35.862 logback [restartedMain] INFO  o.a.catalina.core.StandardService - Starting service [Tomcat]
14:52:35.862 logback [restartedMain] INFO  o.a.catalina.core.StandardEngine - Starting Servlet engine: [Apache Tomcat/9.0.31]
14:52:35.986 logback [restartedMain] INFO  o.a.c.c.C.[Tomcat].[localhost].[/] - Initializing Spring embedded WebApplicationContext
14:52:35.986 logback [restartedMain] INFO  o.s.web.context.ContextLoader - Root WebApplicationContext: initialization completed in 1482 ms
14:52:36.213 logback [restartedMain] WARN  o.s.b.w.s.c.AnnotationConfigServletWebServerApplicationContext - Exception encountered during context initialization - cancelling refresh attempt: org.springframework.beans.factory.UnsatisfiedDependencyException: Error creating bean with name 'applicationService': Unsatisfied dependency expressed through field 'applicationMapper'; nested exception is org.springframework.beans.factory.UnsatisfiedDependencyException: Error creating bean with name 'applicationMapper' defined in file [/Users/cengyujun/java_objct/springboot_son/target/classes/com/example/springboot_son/mapper/ApplicationMapper.class]: Unsatisfied dependency expressed through bean property 'sqlSessionFactory'; nested exception is org.springframework.beans.factory.BeanCreationException: Error creating bean with name 'sqlSessionFactory' defined in class path resource [org/mybatis/spring/boot/autoconfigure/MybatisAutoConfiguration.class]: Bean instantiation via factory method failed; nested exception is org.springframework.beans.BeanInstantiationException: Failed to instantiate [org.apache.ibatis.session.SqlSessionFactory]: Factory method 'sqlSessionFactory' threw exception; nested exception is org.springframework.core.NestedIOException: Failed to parse mapping resource: 'file [/Users/cengyujun/java_objct/springboot_son/target/classes/mybatis/Equipment/EquipmentMapper.xml]'; nested exception is org.apache.ibatis.builder.BuilderException: Error parsing Mapper XML. The XML location is 'file [/Users/cengyujun/java_objct/springboot_son/target/classes/mybatis/Equipment/EquipmentMapper.xml]'. Cause: org.apache.ibatis.builder.BuilderException: Error resolving class. Cause: org.apache.ibatis.type.TypeException: Could not resolve type alias 'com.example.springboot_son.mapper.Relation'.  Cause: java.lang.ClassNotFoundException: Cannot find class: com.example.springboot_son.mapper.Relation
14:52:36.215 logback [restartedMain] INFO  o.a.catalina.core.StandardService - Stopping service [Tomcat]
14:52:36.224 logback [restartedMain] INFO  o.s.b.a.l.ConditionEvaluationReportLoggingListener - 

Error starting ApplicationContext. To display the conditions report re-run your application with 'debug' enabled.
14:52:36.231 logback [restartedMain] ERROR o.s.boot.SpringApplication - Application run failed
org.springframework.beans.factory.UnsatisfiedDependencyException: Error creating bean with name 'applicationService': Unsatisfied dependency expressed through field 'applicationMapper'; nested exception is org.springframework.beans.factory.UnsatisfiedDependencyException: Error creating bean with name 'applicationMapper' defined in file [/Users/cengyujun/java_objct/springboot_son/target/classes/com/example/springboot_son/mapper/ApplicationMapper.class]: Unsatisfied dependency expressed through bean property 'sqlSessionFactory'; nested exception is org.springframework.beans.factory.BeanCreationException: Error creating bean with name 'sqlSessionFactory' defined in class path resource [org/mybatis/spring/boot/autoconfigure/MybatisAutoConfiguration.class]: Bean instantiation via factory method failed; nested exception is org.springframework.beans.BeanInstantiationException: Failed to instantiate [org.apache.ibatis.session.SqlSessionFactory]: Factory method 'sqlSessionFactory' threw exception; nested exception is org.springframework.core.NestedIOException: Failed to parse mapping resource: 'file [/Users/cengyujun/java_objct/springboot_son/target/classes/mybatis/Equipment/EquipmentMapper.xml]'; nested exception is org.apache.ibatis.builder.BuilderException: Error parsing Mapper XML. The XML location is 'file [/Users/cengyujun/java_objct/springboot_son/target/classes/mybatis/Equipment/EquipmentMapper.xml]'. Cause: org.apache.ibatis.builder.BuilderException: Error resolving class. Cause: org.apache.ibatis.type.TypeException: Could not resolve type alias 'com.example.springboot_son.mapper.Relation'.  Cause: java.lang.ClassNotFoundException: Cannot find class: com.example.springboot_son.mapper.Relation
	at org.springframework.beans.factory.annotation.AutowiredAnnotationBeanPostProcessor$AutowiredFieldElement.inject(AutowiredAnnotationBeanPostProcessor.java:643)
	at org.springframework.beans.factory.annotation.InjectionMetadata.inject(InjectionMetadata.java:130)
	at org.springframework.beans.factory.annotation.AutowiredAnnotationBeanPostProcessor.postProcessProperties(AutowiredAnnotationBeanPostProcessor.java:399)
	at org.springframework.beans.factory.support.AbstractAutowireCapableBeanFactory.populateBean(AbstractAutowireCapableBeanFactory.java:1422)
	at org.springframework.beans.factory.support.AbstractAutowireCapableBeanFactory.doCreateBean(AbstractAutowireCapableBeanFactory.java:594)
	at org.springframework.beans.factory.support.AbstractAutowireCapableBeanFactory.createBean(AbstractAutowireCapableBeanFactory.java:517)
	at org.springframework.beans.factory.support.AbstractBeanFactory.lambda$doGetBean$0(AbstractBeanFactory.java:323)
	at org.springframework.beans.factory.support.DefaultSingletonBeanRegistry.getSingleton(DefaultSingletonBeanRegistry.java:222)
	at org.springframework.beans.factory.support.AbstractBeanFactory.doGetBean(AbstractBeanFactory.java:321)
	at org.springframework.beans.factory.support.AbstractBeanFactory.getBean(AbstractBeanFactory.java:202)
	at org.springframework.beans.factory.support.DefaultListableBeanFactory.preInstantiateSingletons(DefaultListableBeanFactory.java:879)
	at org.springframework.context.support.AbstractApplicationContext.finishBeanFactoryInitialization(AbstractApplicationContext.java:878)
	at org.springframework.context.support.AbstractApplicationContext.refresh(AbstractApplicationContext.java:550)
	at org.springframework.boot.web.servlet.context.ServletWebServerApplicationContext.refresh(ServletWebServerApplicationContext.java:141)
	at org.springframework.boot.SpringApplication.refresh(SpringApplication.java:747)
	at org.springframework.boot.SpringApplication.refreshContext(SpringApplication.java:397)
	at org.springframework.boot.SpringApplication.run(SpringApplication.java:315)
	at org.springframework.boot.SpringApplication.run(SpringApplication.java:1226)
	at org.springframework.boot.SpringApplication.run(SpringApplication.java:1215)
	at com.example.springboot_son.SpringbootSonApplication.main(SpringbootSonApplication.java:34)
	at sun.reflect.NativeMethodAccessorImpl.invoke0(Native Method)
	at sun.reflect.NativeMethodAccessorImpl.invoke(NativeMethodAccessorImpl.java:62)
	at sun.reflect.DelegatingMethodAccessorImpl.invoke(DelegatingMethodAccessorImpl.java:43)
	at java.lang.reflect.Method.invoke(Method.java:498)
	at org.springframework.boot.devtools.restart.RestartLauncher.run(RestartLauncher.java:49)
Caused by: org.springframework.beans.factory.UnsatisfiedDependencyException: Error creating bean with name 'applicationMapper' defined in file [/Users/cengyujun/java_objct/springboot_son/target/classes/com/example/springboot_son/mapper/ApplicationMapper.class]: Unsatisfied dependency expressed through bean property 'sqlSessionFactory'; nested exception is org.springframework.beans.factory.BeanCreationException: Error creating bean with name 'sqlSessionFactory' defined in class path resource [org/mybatis/spring/boot/autoconfigure/MybatisAutoConfiguration.class]: Bean instantiation via factory method failed; nested exception is org.springframework.beans.BeanInstantiationException: Failed to instantiate [org.apache.ibatis.session.SqlSessionFactory]: Factory method 'sqlSessionFactory' threw exception; nested exception is org.springframework.core.NestedIOException: Failed to parse mapping resource: 'file [/Users/cengyujun/java_objct/springboot_son/target/classes/mybatis/Equipment/EquipmentMapper.xml]'; nested exception is org.apache.ibatis.builder.BuilderException: Error parsing Mapper XML. The XML location is 'file [/Users/cengyujun/java_objct/springboot_son/target/classes/mybatis/Equipment/EquipmentMapper.xml]'. Cause: org.apache.ibatis.builder.BuilderException: Error resolving class. Cause: org.apache.ibatis.type.TypeException: Could not resolve type alias 'com.example.springboot_son.mapper.Relation'.  Cause: java.lang.ClassNotFoundException: Cannot find class: com.example.springboot_son.mapper.Relation
	at org.springframework.beans.factory.support.AbstractAutowireCapableBeanFactory.autowireByType(AbstractAutowireCapableBeanFactory.java:1526)
	at org.springframework.beans.factory.support.AbstractAutowireCapableBeanFactory.populateBean(AbstractAutowireCapableBeanFactory.java:1406)
	at org.springframework.beans.factory.support.AbstractAutowireCapableBeanFactory.doCreateBean(AbstractAutowireCapableBeanFactory.java:594)
	at org.springframework.beans.factory.support.AbstractAutowireCapableBeanFactory.createBean(AbstractAutowireCapableBeanFactory.java:517)
	at org.springframework.beans.factory.support.AbstractBeanFactory.lambda$doGetBean$0(AbstractBeanFactory.java:323)
	at org.springframework.beans.factory.support.DefaultSingletonBeanRegistry.getSingleton(DefaultSingletonBeanRegistry.java:222)
	at org.springframework.beans.factory.support.AbstractBeanFactory.doGetBean(AbstractBeanFactory.java:321)
	at org.springframework.beans.factory.support.AbstractBeanFactory.getBean(AbstractBeanFactory.java:202)
	at org.springframework.beans.factory.config.DependencyDescriptor.resolveCandidate(DependencyDescriptor.java:276)
	at org.springframework.beans.factory.support.DefaultListableBeanFactory.doResolveDependency(DefaultListableBeanFactory.java:1287)
	at org.springframework.beans.factory.support.DefaultListableBeanFactory.resolveDependency(DefaultListableBeanFactory.java:1207)
	at org.springframework.beans.factory.annotation.AutowiredAnnotationBeanPostProcessor$AutowiredFieldElement.inject(AutowiredAnnotationBeanPostProcessor.java:640)
	... 24 common frames omitted
Caused by: org.springframework.beans.factory.BeanCreationException: Error creating bean with name 'sqlSessionFactory' defined in class path resource [org/mybatis/spring/boot/autoconfigure/MybatisAutoConfiguration.class]: Bean instantiation via factory method failed; nested exception is org.springframework.beans.BeanInstantiationException: Failed to instantiate [org.apache.ibatis.session.SqlSessionFactory]: Factory method 'sqlSessionFactory' threw exception; nested exception is org.springframework.core.NestedIOException: Failed to parse mapping resource: 'file [/Users/cengyujun/java_objct/springboot_son/target/classes/mybatis/Equipment/EquipmentMapper.xml]'; nested exception is org.apache.ibatis.builder.BuilderException: Error parsing Mapper XML. The XML location is 'file [/Users/cengyujun/java_objct/springboot_son/target/classes/mybatis/Equipment/EquipmentMapper.xml]'. Cause: org.apache.ibatis.builder.BuilderException: Error resolving class. Cause: org.apache.ibatis.type.TypeException: Could not resolve type alias 'com.example.springboot_son.mapper.Relation'.  Cause: java.lang.ClassNotFoundException: Cannot find class: com.example.springboot_son.mapper.Relation
	at org.springframework.beans.factory.support.ConstructorResolver.instantiate(ConstructorResolver.java:656)
	at org.springframework.beans.factory.support.ConstructorResolver.instantiateUsingFactoryMethod(ConstructorResolver.java:636)
	at org.springframework.beans.factory.support.AbstractAutowireCapableBeanFactory.instantiateUsingFactoryMethod(AbstractAutowireCapableBeanFactory.java:1338)
	at org.springframework.beans.factory.support.AbstractAutowireCapableBeanFactory.createBeanInstance(AbstractAutowireCapableBeanFactory.java:1177)
	at org.springframework.beans.factory.support.AbstractAutowireCapableBeanFactory.doCreateBean(AbstractAutowireCapableBeanFactory.java:557)
	at org.springframework.beans.factory.support.AbstractAutowireCapableBeanFactory.createBean(AbstractAutowireCapableBeanFactory.java:517)
	at org.springframework.beans.factory.support.AbstractBeanFactory.lambda$doGetBean$0(AbstractBeanFactory.java:323)
	at org.springframework.beans.factory.support.DefaultSingletonBeanRegistry.getSingleton(DefaultSingletonBeanRegistry.java:222)
	at org.springframework.beans.factory.support.AbstractBeanFactory.doGetBean(AbstractBeanFactory.java:321)
	at org.springframework.beans.factory.support.AbstractBeanFactory.getBean(AbstractBeanFactory.java:202)
	at org.springframework.beans.factory.config.DependencyDescriptor.resolveCandidate(DependencyDescriptor.java:276)
	at org.springframework.beans.factory.support.DefaultListableBeanFactory.doResolveDependency(DefaultListableBeanFactory.java:1287)
	at org.springframework.beans.factory.support.DefaultListableBeanFactory.resolveDependency(DefaultListableBeanFactory.java:1207)
	at org.springframework.beans.factory.support.AbstractAutowireCapableBeanFactory.autowireByType(AbstractAutowireCapableBeanFactory.java:1511)
	... 35 common frames omitted
Caused by: org.springframework.beans.BeanInstantiationException: Failed to instantiate [org.apache.ibatis.session.SqlSessionFactory]: Factory method 'sqlSessionFactory' threw exception; nested exception is org.springframework.core.NestedIOException: Failed to parse mapping resource: 'file [/Users/cengyujun/java_objct/springboot_son/target/classes/mybatis/Equipment/EquipmentMapper.xml]'; nested exception is org.apache.ibatis.builder.BuilderException: Error parsing Mapper XML. The XML location is 'file [/Users/cengyujun/java_objct/springboot_son/target/classes/mybatis/Equipment/EquipmentMapper.xml]'. Cause: org.apache.ibatis.builder.BuilderException: Error resolving class. Cause: org.apache.ibatis.type.TypeException: Could not resolve type alias 'com.example.springboot_son.mapper.Relation'.  Cause: java.lang.ClassNotFoundException: Cannot find class: com.example.springboot_son.mapper.Relation
	at org.springframework.beans.factory.support.SimpleInstantiationStrategy.instantiate(SimpleInstantiationStrategy.java:185)
	at org.springframework.beans.factory.support.ConstructorResolver.instantiate(ConstructorResolver.java:651)
	... 48 common frames omitted
Caused by: org.springframework.core.NestedIOException: Failed to parse mapping resource: 'file [/Users/cengyujun/java_objct/springboot_son/target/classes/mybatis/Equipment/EquipmentMapper.xml]'; nested exception is org.apache.ibatis.builder.BuilderException: Error parsing Mapper XML. The XML location is 'file [/Users/cengyujun/java_objct/springboot_son/target/classes/mybatis/Equipment/EquipmentMapper.xml]'. Cause: org.apache.ibatis.builder.BuilderException: Error resolving class. Cause: org.apache.ibatis.type.TypeException: Could not resolve type alias 'com.example.springboot_son.mapper.Relation'.  Cause: java.lang.ClassNotFoundException: Cannot find class: com.example.springboot_son.mapper.Relation
	at org.mybatis.spring.SqlSessionFactoryBean.buildSqlSessionFactory(SqlSessionFactoryBean.java:523)
	at org.mybatis.spring.SqlSessionFactoryBean.afterPropertiesSet(SqlSessionFactoryBean.java:380)
	at org.mybatis.spring.SqlSessionFactoryBean.getObject(SqlSessionFactoryBean.java:547)
	at org.mybatis.spring.boot.autoconfigure.MybatisAutoConfiguration.sqlSessionFactory(MybatisAutoConfiguration.java:153)
	at org.mybatis.spring.boot.autoconfigure.MybatisAutoConfiguration$$EnhancerBySpringCGLIB$$f0487600.CGLIB$sqlSessionFactory$0(<generated>)
	at org.mybatis.spring.boot.autoconfigure.MybatisAutoConfiguration$$EnhancerBySpringCGLIB$$f0487600$$FastClassBySpringCGLIB$$79b928db.invoke(<generated>)
	at org.springframework.cglib.proxy.MethodProxy.invokeSuper(MethodProxy.java:244)
	at org.springframework.context.annotation.ConfigurationClassEnhancer$BeanMethodInterceptor.intercept(ConfigurationClassEnhancer.java:331)
	at org.mybatis.spring.boot.autoconfigure.MybatisAutoConfiguration$$EnhancerBySpringCGLIB$$f0487600.sqlSessionFactory(<generated>)
	at sun.reflect.NativeMethodAccessorImpl.invoke0(Native Method)
	at sun.reflect.NativeMethodAccessorImpl.invoke(NativeMethodAccessorImpl.java:62)
	at sun.reflect.DelegatingMethodAccessorImpl.invoke(DelegatingMethodAccessorImpl.java:43)
	at java.lang.reflect.Method.invoke(Method.java:498)
	at org.springframework.beans.factory.support.SimpleInstantiationStrategy.instantiate(SimpleInstantiationStrategy.java:154)
	... 49 common frames omitted
Caused by: org.apache.ibatis.builder.BuilderException: Error parsing Mapper XML. The XML location is 'file [/Users/cengyujun/java_objct/springboot_son/target/classes/mybatis/Equipment/EquipmentMapper.xml]'. Cause: org.apache.ibatis.builder.BuilderException: Error resolving class. Cause: org.apache.ibatis.type.TypeException: Could not resolve type alias 'com.example.springboot_son.mapper.Relation'.  Cause: java.lang.ClassNotFoundException: Cannot find class: com.example.springboot_son.mapper.Relation
	at org.apache.ibatis.builder.xml.XMLMapperBuilder.configurationElement(XMLMapperBuilder.java:120)
	at org.apache.ibatis.builder.xml.XMLMapperBuilder.parse(XMLMapperBuilder.java:92)
	at org.mybatis.spring.SqlSessionFactoryBean.buildSqlSessionFactory(SqlSessionFactoryBean.java:521)
	... 62 common frames omitted
Caused by: org.apache.ibatis.builder.BuilderException: Error resolving class. Cause: org.apache.ibatis.type.TypeException: Could not resolve type alias 'com.example.springboot_son.mapper.Relation'.  Cause: java.lang.ClassNotFoundException: Cannot find class: com.example.springboot_son.mapper.Relation
	at org.apache.ibatis.builder.BaseBuilder.resolveClass(BaseBuilder.java:118)
	at org.apache.ibatis.builder.xml.XMLMapperBuilder.resultMapElement(XMLMapperBuilder.java:265)
	at org.apache.ibatis.builder.xml.XMLMapperBuilder.resultMapElement(XMLMapperBuilder.java:252)
	at org.apache.ibatis.builder.xml.XMLMapperBuilder.resultMapElements(XMLMapperBuilder.java:244)
	at org.apache.ibatis.builder.xml.XMLMapperBuilder.configurationElement(XMLMapperBuilder.java:116)
	... 64 common frames omitted
Caused by: org.apache.ibatis.type.TypeException: Could not resolve type alias 'com.example.springboot_son.mapper.Relation'.  Cause: java.lang.ClassNotFoundException: Cannot find class: com.example.springboot_son.mapper.Relation
	at org.apache.ibatis.type.TypeAliasRegistry.resolveAlias(TypeAliasRegistry.java:120)
	at org.apache.ibatis.builder.BaseBuilder.resolveAlias(BaseBuilder.java:149)
	at org.apache.ibatis.builder.BaseBuilder.resolveClass(BaseBuilder.java:116)
	... 68 common frames omitted
Caused by: java.lang.ClassNotFoundException: Cannot find class: com.example.springboot_son.mapper.Relation
	at org.apache.ibatis.io.ClassLoaderWrapper.classForName(ClassLoaderWrapper.java:200)
	at org.apache.ibatis.io.ClassLoaderWrapper.classForName(ClassLoaderWrapper.java:89)
	at org.apache.ibatis.io.Resources.classForName(Resources.java:261)
	at org.apache.ibatis.type.TypeAliasRegistry.resolveAlias(TypeAliasRegistry.java:116)
	... 70 common frames omitted
14:53:12.147 logback [restartedMain] INFO  c.e.s.SpringbootSonApplication - Starting SpringbootSonApplication on cengyujundeMacBook-Pro.local with PID 1908 (/Users/cengyujun/java_objct/springboot_son/target/classes started by cengyujun in /Users/cengyujun/java_objct/springboot_son)
14:53:12.149 logback [restartedMain] INFO  c.e.s.SpringbootSonApplication - The following profiles are active: dev
14:53:12.196 logback [restartedMain] INFO  o.s.b.d.e.DevToolsPropertyDefaultsPostProcessor - Devtools property defaults active! Set 'spring.devtools.add-properties' to 'false' to disable
14:53:12.196 logback [restartedMain] INFO  o.s.b.d.e.DevToolsPropertyDefaultsPostProcessor - For additional web related logging consider setting the 'logging.level.web' property to 'DEBUG'
14:53:12.828 logback [restartedMain] INFO  o.s.d.r.c.RepositoryConfigurationDelegate - Multiple Spring Data modules found, entering strict repository configuration mode!
14:53:12.830 logback [restartedMain] INFO  o.s.d.r.c.RepositoryConfigurationDelegate - Bootstrapping Spring Data Redis repositories in DEFAULT mode.
14:53:12.855 logback [restartedMain] INFO  o.s.d.r.c.RepositoryConfigurationDelegate - Finished Spring Data repository scanning in 16ms. Found 0 Redis repository interfaces.
14:53:13.365 logback [restartedMain] INFO  o.s.b.w.e.tomcat.TomcatWebServer - Tomcat initialized with port(s): 8012 (http)
14:53:13.371 logback [restartedMain] INFO  o.a.coyote.http11.Http11NioProtocol - Initializing ProtocolHandler ["http-nio-8012"]
14:53:13.371 logback [restartedMain] INFO  o.a.catalina.core.StandardService - Starting service [Tomcat]
14:53:13.371 logback [restartedMain] INFO  o.a.catalina.core.StandardEngine - Starting Servlet engine: [Apache Tomcat/9.0.31]
14:53:13.479 logback [restartedMain] INFO  o.a.c.c.C.[Tomcat].[localhost].[/] - Initializing Spring embedded WebApplicationContext
14:53:13.479 logback [restartedMain] INFO  o.s.web.context.ContextLoader - Root WebApplicationContext: initialization completed in 1283 ms
14:53:13.671 logback [restartedMain] WARN  o.s.b.w.s.c.AnnotationConfigServletWebServerApplicationContext - Exception encountered during context initialization - cancelling refresh attempt: org.springframework.beans.factory.UnsatisfiedDependencyException: Error creating bean with name 'applicationService': Unsatisfied dependency expressed through field 'applicationMapper'; nested exception is org.springframework.beans.factory.UnsatisfiedDependencyException: Error creating bean with name 'applicationMapper' defined in file [/Users/cengyujun/java_objct/springboot_son/target/classes/com/example/springboot_son/mapper/ApplicationMapper.class]: Unsatisfied dependency expressed through bean property 'sqlSessionFactory'; nested exception is org.springframework.beans.factory.BeanCreationException: Error creating bean with name 'sqlSessionFactory' defined in class path resource [org/mybatis/spring/boot/autoconfigure/MybatisAutoConfiguration.class]: Bean instantiation via factory method failed; nested exception is org.springframework.beans.BeanInstantiationException: Failed to instantiate [org.apache.ibatis.session.SqlSessionFactory]: Factory method 'sqlSessionFactory' threw exception; nested exception is org.springframework.core.NestedIOException: Failed to parse mapping resource: 'file [/Users/cengyujun/java_objct/springboot_son/target/classes/mybatis/Equipment/EquipmentMapper.xml]'; nested exception is org.apache.ibatis.builder.BuilderException: Error parsing Mapper XML. The XML location is 'file [/Users/cengyujun/java_objct/springboot_son/target/classes/mybatis/Equipment/EquipmentMapper.xml]'. Cause: org.apache.ibatis.builder.BuilderException: Error resolving class. Cause: org.apache.ibatis.type.TypeException: Could not resolve type alias 'com.example.springboot_son.mapper.Relation'.  Cause: java.lang.ClassNotFoundException: Cannot find class: com.example.springboot_son.mapper.Relation
14:53:13.673 logback [restartedMain] INFO  o.a.catalina.core.StandardService - Stopping service [Tomcat]
14:53:13.681 logback [restartedMain] INFO  o.s.b.a.l.ConditionEvaluationReportLoggingListener - 

Error starting ApplicationContext. To display the conditions report re-run your application with 'debug' enabled.
14:53:13.687 logback [restartedMain] ERROR o.s.boot.SpringApplication - Application run failed
org.springframework.beans.factory.UnsatisfiedDependencyException: Error creating bean with name 'applicationService': Unsatisfied dependency expressed through field 'applicationMapper'; nested exception is org.springframework.beans.factory.UnsatisfiedDependencyException: Error creating bean with name 'applicationMapper' defined in file [/Users/cengyujun/java_objct/springboot_son/target/classes/com/example/springboot_son/mapper/ApplicationMapper.class]: Unsatisfied dependency expressed through bean property 'sqlSessionFactory'; nested exception is org.springframework.beans.factory.BeanCreationException: Error creating bean with name 'sqlSessionFactory' defined in class path resource [org/mybatis/spring/boot/autoconfigure/MybatisAutoConfiguration.class]: Bean instantiation via factory method failed; nested exception is org.springframework.beans.BeanInstantiationException: Failed to instantiate [org.apache.ibatis.session.SqlSessionFactory]: Factory method 'sqlSessionFactory' threw exception; nested exception is org.springframework.core.NestedIOException: Failed to parse mapping resource: 'file [/Users/cengyujun/java_objct/springboot_son/target/classes/mybatis/Equipment/EquipmentMapper.xml]'; nested exception is org.apache.ibatis.builder.BuilderException: Error parsing Mapper XML. The XML location is 'file [/Users/cengyujun/java_objct/springboot_son/target/classes/mybatis/Equipment/EquipmentMapper.xml]'. Cause: org.apache.ibatis.builder.BuilderException: Error resolving class. Cause: org.apache.ibatis.type.TypeException: Could not resolve type alias 'com.example.springboot_son.mapper.Relation'.  Cause: java.lang.ClassNotFoundException: Cannot find class: com.example.springboot_son.mapper.Relation
	at org.springframework.beans.factory.annotation.AutowiredAnnotationBeanPostProcessor$AutowiredFieldElement.inject(AutowiredAnnotationBeanPostProcessor.java:643)
	at org.springframework.beans.factory.annotation.InjectionMetadata.inject(InjectionMetadata.java:130)
	at org.springframework.beans.factory.annotation.AutowiredAnnotationBeanPostProcessor.postProcessProperties(AutowiredAnnotationBeanPostProcessor.java:399)
	at org.springframework.beans.factory.support.AbstractAutowireCapableBeanFactory.populateBean(AbstractAutowireCapableBeanFactory.java:1422)
	at org.springframework.beans.factory.support.AbstractAutowireCapableBeanFactory.doCreateBean(AbstractAutowireCapableBeanFactory.java:594)
	at org.springframework.beans.factory.support.AbstractAutowireCapableBeanFactory.createBean(AbstractAutowireCapableBeanFactory.java:517)
	at org.springframework.beans.factory.support.AbstractBeanFactory.lambda$doGetBean$0(AbstractBeanFactory.java:323)
	at org.springframework.beans.factory.support.DefaultSingletonBeanRegistry.getSingleton(DefaultSingletonBeanRegistry.java:222)
	at org.springframework.beans.factory.support.AbstractBeanFactory.doGetBean(AbstractBeanFactory.java:321)
	at org.springframework.beans.factory.support.AbstractBeanFactory.getBean(AbstractBeanFactory.java:202)
	at org.springframework.beans.factory.support.DefaultListableBeanFactory.preInstantiateSingletons(DefaultListableBeanFactory.java:879)
	at org.springframework.context.support.AbstractApplicationContext.finishBeanFactoryInitialization(AbstractApplicationContext.java:878)
	at org.springframework.context.support.AbstractApplicationContext.refresh(AbstractApplicationContext.java:550)
	at org.springframework.boot.web.servlet.context.ServletWebServerApplicationContext.refresh(ServletWebServerApplicationContext.java:141)
	at org.springframework.boot.SpringApplication.refresh(SpringApplication.java:747)
	at org.springframework.boot.SpringApplication.refreshContext(SpringApplication.java:397)
	at org.springframework.boot.SpringApplication.run(SpringApplication.java:315)
	at org.springframework.boot.SpringApplication.run(SpringApplication.java:1226)
	at org.springframework.boot.SpringApplication.run(SpringApplication.java:1215)
	at com.example.springboot_son.SpringbootSonApplication.main(SpringbootSonApplication.java:34)
	at sun.reflect.NativeMethodAccessorImpl.invoke0(Native Method)
	at sun.reflect.NativeMethodAccessorImpl.invoke(NativeMethodAccessorImpl.java:62)
	at sun.reflect.DelegatingMethodAccessorImpl.invoke(DelegatingMethodAccessorImpl.java:43)
	at java.lang.reflect.Method.invoke(Method.java:498)
	at org.springframework.boot.devtools.restart.RestartLauncher.run(RestartLauncher.java:49)
Caused by: org.springframework.beans.factory.UnsatisfiedDependencyException: Error creating bean with name 'applicationMapper' defined in file [/Users/cengyujun/java_objct/springboot_son/target/classes/com/example/springboot_son/mapper/ApplicationMapper.class]: Unsatisfied dependency expressed through bean property 'sqlSessionFactory'; nested exception is org.springframework.beans.factory.BeanCreationException: Error creating bean with name 'sqlSessionFactory' defined in class path resource [org/mybatis/spring/boot/autoconfigure/MybatisAutoConfiguration.class]: Bean instantiation via factory method failed; nested exception is org.springframework.beans.BeanInstantiationException: Failed to instantiate [org.apache.ibatis.session.SqlSessionFactory]: Factory method 'sqlSessionFactory' threw exception; nested exception is org.springframework.core.NestedIOException: Failed to parse mapping resource: 'file [/Users/cengyujun/java_objct/springboot_son/target/classes/mybatis/Equipment/EquipmentMapper.xml]'; nested exception is org.apache.ibatis.builder.BuilderException: Error parsing Mapper XML. The XML location is 'file [/Users/cengyujun/java_objct/springboot_son/target/classes/mybatis/Equipment/EquipmentMapper.xml]'. Cause: org.apache.ibatis.builder.BuilderException: Error resolving class. Cause: org.apache.ibatis.type.TypeException: Could not resolve type alias 'com.example.springboot_son.mapper.Relation'.  Cause: java.lang.ClassNotFoundException: Cannot find class: com.example.springboot_son.mapper.Relation
	at org.springframework.beans.factory.support.AbstractAutowireCapableBeanFactory.autowireByType(AbstractAutowireCapableBeanFactory.java:1526)
	at org.springframework.beans.factory.support.AbstractAutowireCapableBeanFactory.populateBean(AbstractAutowireCapableBeanFactory.java:1406)
	at org.springframework.beans.factory.support.AbstractAutowireCapableBeanFactory.doCreateBean(AbstractAutowireCapableBeanFactory.java:594)
	at org.springframework.beans.factory.support.AbstractAutowireCapableBeanFactory.createBean(AbstractAutowireCapableBeanFactory.java:517)
	at org.springframework.beans.factory.support.AbstractBeanFactory.lambda$doGetBean$0(AbstractBeanFactory.java:323)
	at org.springframework.beans.factory.support.DefaultSingletonBeanRegistry.getSingleton(DefaultSingletonBeanRegistry.java:222)
	at org.springframework.beans.factory.support.AbstractBeanFactory.doGetBean(AbstractBeanFactory.java:321)
	at org.springframework.beans.factory.support.AbstractBeanFactory.getBean(AbstractBeanFactory.java:202)
	at org.springframework.beans.factory.config.DependencyDescriptor.resolveCandidate(DependencyDescriptor.java:276)
	at org.springframework.beans.factory.support.DefaultListableBeanFactory.doResolveDependency(DefaultListableBeanFactory.java:1287)
	at org.springframework.beans.factory.support.DefaultListableBeanFactory.resolveDependency(DefaultListableBeanFactory.java:1207)
	at org.springframework.beans.factory.annotation.AutowiredAnnotationBeanPostProcessor$AutowiredFieldElement.inject(AutowiredAnnotationBeanPostProcessor.java:640)
	... 24 common frames omitted
Caused by: org.springframework.beans.factory.BeanCreationException: Error creating bean with name 'sqlSessionFactory' defined in class path resource [org/mybatis/spring/boot/autoconfigure/MybatisAutoConfiguration.class]: Bean instantiation via factory method failed; nested exception is org.springframework.beans.BeanInstantiationException: Failed to instantiate [org.apache.ibatis.session.SqlSessionFactory]: Factory method 'sqlSessionFactory' threw exception; nested exception is org.springframework.core.NestedIOException: Failed to parse mapping resource: 'file [/Users/cengyujun/java_objct/springboot_son/target/classes/mybatis/Equipment/EquipmentMapper.xml]'; nested exception is org.apache.ibatis.builder.BuilderException: Error parsing Mapper XML. The XML location is 'file [/Users/cengyujun/java_objct/springboot_son/target/classes/mybatis/Equipment/EquipmentMapper.xml]'. Cause: org.apache.ibatis.builder.BuilderException: Error resolving class. Cause: org.apache.ibatis.type.TypeException: Could not resolve type alias 'com.example.springboot_son.mapper.Relation'.  Cause: java.lang.ClassNotFoundException: Cannot find class: com.example.springboot_son.mapper.Relation
	at org.springframework.beans.factory.support.ConstructorResolver.instantiate(ConstructorResolver.java:656)
	at org.springframework.beans.factory.support.ConstructorResolver.instantiateUsingFactoryMethod(ConstructorResolver.java:636)
	at org.springframework.beans.factory.support.AbstractAutowireCapableBeanFactory.instantiateUsingFactoryMethod(AbstractAutowireCapableBeanFactory.java:1338)
	at org.springframework.beans.factory.support.AbstractAutowireCapableBeanFactory.createBeanInstance(AbstractAutowireCapableBeanFactory.java:1177)
	at org.springframework.beans.factory.support.AbstractAutowireCapableBeanFactory.doCreateBean(AbstractAutowireCapableBeanFactory.java:557)
	at org.springframework.beans.factory.support.AbstractAutowireCapableBeanFactory.createBean(AbstractAutowireCapableBeanFactory.java:517)
	at org.springframework.beans.factory.support.AbstractBeanFactory.lambda$doGetBean$0(AbstractBeanFactory.java:323)
	at org.springframework.beans.factory.support.DefaultSingletonBeanRegistry.getSingleton(DefaultSingletonBeanRegistry.java:222)
	at org.springframework.beans.factory.support.AbstractBeanFactory.doGetBean(AbstractBeanFactory.java:321)
	at org.springframework.beans.factory.support.AbstractBeanFactory.getBean(AbstractBeanFactory.java:202)
	at org.springframework.beans.factory.config.DependencyDescriptor.resolveCandidate(DependencyDescriptor.java:276)
	at org.springframework.beans.factory.support.DefaultListableBeanFactory.doResolveDependency(DefaultListableBeanFactory.java:1287)
	at org.springframework.beans.factory.support.DefaultListableBeanFactory.resolveDependency(DefaultListableBeanFactory.java:1207)
	at org.springframework.beans.factory.support.AbstractAutowireCapableBeanFactory.autowireByType(AbstractAutowireCapableBeanFactory.java:1511)
	... 35 common frames omitted
Caused by: org.springframework.beans.BeanInstantiationException: Failed to instantiate [org.apache.ibatis.session.SqlSessionFactory]: Factory method 'sqlSessionFactory' threw exception; nested exception is org.springframework.core.NestedIOException: Failed to parse mapping resource: 'file [/Users/cengyujun/java_objct/springboot_son/target/classes/mybatis/Equipment/EquipmentMapper.xml]'; nested exception is org.apache.ibatis.builder.BuilderException: Error parsing Mapper XML. The XML location is 'file [/Users/cengyujun/java_objct/springboot_son/target/classes/mybatis/Equipment/EquipmentMapper.xml]'. Cause: org.apache.ibatis.builder.BuilderException: Error resolving class. Cause: org.apache.ibatis.type.TypeException: Could not resolve type alias 'com.example.springboot_son.mapper.Relation'.  Cause: java.lang.ClassNotFoundException: Cannot find class: com.example.springboot_son.mapper.Relation
	at org.springframework.beans.factory.support.SimpleInstantiationStrategy.instantiate(SimpleInstantiationStrategy.java:185)
	at org.springframework.beans.factory.support.ConstructorResolver.instantiate(ConstructorResolver.java:651)
	... 48 common frames omitted
Caused by: org.springframework.core.NestedIOException: Failed to parse mapping resource: 'file [/Users/cengyujun/java_objct/springboot_son/target/classes/mybatis/Equipment/EquipmentMapper.xml]'; nested exception is org.apache.ibatis.builder.BuilderException: Error parsing Mapper XML. The XML location is 'file [/Users/cengyujun/java_objct/springboot_son/target/classes/mybatis/Equipment/EquipmentMapper.xml]'. Cause: org.apache.ibatis.builder.BuilderException: Error resolving class. Cause: org.apache.ibatis.type.TypeException: Could not resolve type alias 'com.example.springboot_son.mapper.Relation'.  Cause: java.lang.ClassNotFoundException: Cannot find class: com.example.springboot_son.mapper.Relation
	at org.mybatis.spring.SqlSessionFactoryBean.buildSqlSessionFactory(SqlSessionFactoryBean.java:523)
	at org.mybatis.spring.SqlSessionFactoryBean.afterPropertiesSet(SqlSessionFactoryBean.java:380)
	at org.mybatis.spring.SqlSessionFactoryBean.getObject(SqlSessionFactoryBean.java:547)
	at org.mybatis.spring.boot.autoconfigure.MybatisAutoConfiguration.sqlSessionFactory(MybatisAutoConfiguration.java:153)
	at org.mybatis.spring.boot.autoconfigure.MybatisAutoConfiguration$$EnhancerBySpringCGLIB$$ee391da5.CGLIB$sqlSessionFactory$0(<generated>)
	at org.mybatis.spring.boot.autoconfigure.MybatisAutoConfiguration$$EnhancerBySpringCGLIB$$ee391da5$$FastClassBySpringCGLIB$$3d977bb.invoke(<generated>)
	at org.springframework.cglib.proxy.MethodProxy.invokeSuper(MethodProxy.java:244)
	at org.springframework.context.annotation.ConfigurationClassEnhancer$BeanMethodInterceptor.intercept(ConfigurationClassEnhancer.java:331)
	at org.mybatis.spring.boot.autoconfigure.MybatisAutoConfiguration$$EnhancerBySpringCGLIB$$ee391da5.sqlSessionFactory(<generated>)
	at sun.reflect.NativeMethodAccessorImpl.invoke0(Native Method)
	at sun.reflect.NativeMethodAccessorImpl.invoke(NativeMethodAccessorImpl.java:62)
	at sun.reflect.DelegatingMethodAccessorImpl.invoke(DelegatingMethodAccessorImpl.java:43)
	at java.lang.reflect.Method.invoke(Method.java:498)
	at org.springframework.beans.factory.support.SimpleInstantiationStrategy.instantiate(SimpleInstantiationStrategy.java:154)
	... 49 common frames omitted
Caused by: org.apache.ibatis.builder.BuilderException: Error parsing Mapper XML. The XML location is 'file [/Users/cengyujun/java_objct/springboot_son/target/classes/mybatis/Equipment/EquipmentMapper.xml]'. Cause: org.apache.ibatis.builder.BuilderException: Error resolving class. Cause: org.apache.ibatis.type.TypeException: Could not resolve type alias 'com.example.springboot_son.mapper.Relation'.  Cause: java.lang.ClassNotFoundException: Cannot find class: com.example.springboot_son.mapper.Relation
	at org.apache.ibatis.builder.xml.XMLMapperBuilder.configurationElement(XMLMapperBuilder.java:120)
	at org.apache.ibatis.builder.xml.XMLMapperBuilder.parse(XMLMapperBuilder.java:92)
	at org.mybatis.spring.SqlSessionFactoryBean.buildSqlSessionFactory(SqlSessionFactoryBean.java:521)
	... 62 common frames omitted
Caused by: org.apache.ibatis.builder.BuilderException: Error resolving class. Cause: org.apache.ibatis.type.TypeException: Could not resolve type alias 'com.example.springboot_son.mapper.Relation'.  Cause: java.lang.ClassNotFoundException: Cannot find class: com.example.springboot_son.mapper.Relation
	at org.apache.ibatis.builder.BaseBuilder.resolveClass(BaseBuilder.java:118)
	at org.apache.ibatis.builder.xml.XMLMapperBuilder.resultMapElement(XMLMapperBuilder.java:265)
	at org.apache.ibatis.builder.xml.XMLMapperBuilder.resultMapElement(XMLMapperBuilder.java:252)
	at org.apache.ibatis.builder.xml.XMLMapperBuilder.resultMapElements(XMLMapperBuilder.java:244)
	at org.apache.ibatis.builder.xml.XMLMapperBuilder.configurationElement(XMLMapperBuilder.java:116)
	... 64 common frames omitted
Caused by: org.apache.ibatis.type.TypeException: Could not resolve type alias 'com.example.springboot_son.mapper.Relation'.  Cause: java.lang.ClassNotFoundException: Cannot find class: com.example.springboot_son.mapper.Relation
	at org.apache.ibatis.type.TypeAliasRegistry.resolveAlias(TypeAliasRegistry.java:120)
	at org.apache.ibatis.builder.BaseBuilder.resolveAlias(BaseBuilder.java:149)
	at org.apache.ibatis.builder.BaseBuilder.resolveClass(BaseBuilder.java:116)
	... 68 common frames omitted
Caused by: java.lang.ClassNotFoundException: Cannot find class: com.example.springboot_son.mapper.Relation
	at org.apache.ibatis.io.ClassLoaderWrapper.classForName(ClassLoaderWrapper.java:200)
	at org.apache.ibatis.io.ClassLoaderWrapper.classForName(ClassLoaderWrapper.java:89)
	at org.apache.ibatis.io.Resources.classForName(Resources.java:261)
	at org.apache.ibatis.type.TypeAliasRegistry.resolveAlias(TypeAliasRegistry.java:116)
	... 70 common frames omitted
14:54:04.089 logback [restartedMain] INFO  c.e.s.SpringbootSonApplication - Starting SpringbootSonApplication on cengyujundeMacBook-Pro.local with PID 1915 (/Users/cengyujun/java_objct/springboot_son/target/classes started by cengyujun in /Users/cengyujun/java_objct/springboot_son)
14:54:04.092 logback [restartedMain] INFO  c.e.s.SpringbootSonApplication - The following profiles are active: dev
14:54:04.136 logback [restartedMain] INFO  o.s.b.d.e.DevToolsPropertyDefaultsPostProcessor - Devtools property defaults active! Set 'spring.devtools.add-properties' to 'false' to disable
14:54:04.136 logback [restartedMain] INFO  o.s.b.d.e.DevToolsPropertyDefaultsPostProcessor - For additional web related logging consider setting the 'logging.level.web' property to 'DEBUG'
14:54:04.778 logback [restartedMain] INFO  o.s.d.r.c.RepositoryConfigurationDelegate - Multiple Spring Data modules found, entering strict repository configuration mode!
14:54:04.780 logback [restartedMain] INFO  o.s.d.r.c.RepositoryConfigurationDelegate - Bootstrapping Spring Data Redis repositories in DEFAULT mode.
14:54:04.810 logback [restartedMain] INFO  o.s.d.r.c.RepositoryConfigurationDelegate - Finished Spring Data repository scanning in 18ms. Found 0 Redis repository interfaces.
14:54:05.325 logback [restartedMain] INFO  o.s.b.w.e.tomcat.TomcatWebServer - Tomcat initialized with port(s): 8012 (http)
14:54:05.330 logback [restartedMain] INFO  o.a.coyote.http11.Http11NioProtocol - Initializing ProtocolHandler ["http-nio-8012"]
14:54:05.331 logback [restartedMain] INFO  o.a.catalina.core.StandardService - Starting service [Tomcat]
14:54:05.331 logback [restartedMain] INFO  o.a.catalina.core.StandardEngine - Starting Servlet engine: [Apache Tomcat/9.0.31]
14:54:05.448 logback [restartedMain] INFO  o.a.c.c.C.[Tomcat].[localhost].[/] - Initializing Spring embedded WebApplicationContext
14:54:05.448 logback [restartedMain] INFO  o.s.web.context.ContextLoader - Root WebApplicationContext: initialization completed in 1312 ms
14:54:06.262 logback [restartedMain] INFO  o.s.s.c.ThreadPoolTaskExecutor - Initializing ExecutorService 'applicationTaskExecutor'
14:54:06.302 logback [restartedMain] INFO  o.s.b.d.a.OptionalLiveReloadServer - LiveReload server is running on port 35729
14:54:06.376 logback [restartedMain] WARN  o.s.b.a.t.ThymeleafAutoConfiguration$DefaultTemplateResolverConfiguration - Cannot find template location: classpath:/templates/ (please add some templates or check your Thymeleaf configuration)
14:54:06.522 logback [restartedMain] INFO  s.d.s.w.p.DocumentationPluginsBootstrapper - Context refreshed
14:54:06.536 logback [restartedMain] INFO  s.d.s.w.p.DocumentationPluginsBootstrapper - Found 1 custom documentation plugin(s)
14:54:06.545 logback [restartedMain] INFO  s.d.s.w.s.ApiListingReferenceScanner - Scanning for api listing references
14:54:06.698 logback [restartedMain] INFO  o.a.coyote.http11.Http11NioProtocol - Starting ProtocolHandler ["http-nio-8012"]
14:54:06.725 logback [restartedMain] INFO  o.s.b.w.e.tomcat.TomcatWebServer - Tomcat started on port(s): 8012 (http) with context path ''
14:54:06.728 logback [restartedMain] INFO  c.e.s.SpringbootSonApplication - Started SpringbootSonApplication in 3.05 seconds (JVM running for 3.668)
14:54:18.082 logback [http-nio-8012-exec-1] INFO  o.a.c.c.C.[Tomcat].[localhost].[/] - Initializing Spring DispatcherServlet 'dispatcherServlet'
14:54:18.082 logback [http-nio-8012-exec-1] INFO  o.s.web.servlet.DispatcherServlet - Initializing Servlet 'dispatcherServlet'
14:54:18.086 logback [http-nio-8012-exec-1] INFO  o.s.web.servlet.DispatcherServlet - Completed initialization in 4 ms
14:58:03.425 logback [SpringContextShutdownHook] INFO  o.s.s.c.ThreadPoolTaskExecutor - Shutting down ExecutorService 'applicationTaskExecutor'
14:58:08.414 logback [restartedMain] INFO  c.e.s.SpringbootSonApplication - Starting SpringbootSonApplication on cengyujundeMacBook-Pro.local with PID 1934 (/Users/cengyujun/java_objct/springboot_son/target/classes started by cengyujun in /Users/cengyujun/java_objct/springboot_son)
14:58:08.416 logback [restartedMain] INFO  c.e.s.SpringbootSonApplication - The following profiles are active: dev
14:58:08.448 logback [restartedMain] INFO  o.s.b.d.e.DevToolsPropertyDefaultsPostProcessor - Devtools property defaults active! Set 'spring.devtools.add-properties' to 'false' to disable
14:58:08.448 logback [restartedMain] INFO  o.s.b.d.e.DevToolsPropertyDefaultsPostProcessor - For additional web related logging consider setting the 'logging.level.web' property to 'DEBUG'
14:58:09.069 logback [restartedMain] INFO  o.s.d.r.c.RepositoryConfigurationDelegate - Multiple Spring Data modules found, entering strict repository configuration mode!
14:58:09.071 logback [restartedMain] INFO  o.s.d.r.c.RepositoryConfigurationDelegate - Bootstrapping Spring Data Redis repositories in DEFAULT mode.
14:58:09.104 logback [restartedMain] INFO  o.s.d.r.c.RepositoryConfigurationDelegate - Finished Spring Data repository scanning in 19ms. Found 0 Redis repository interfaces.
14:58:09.728 logback [restartedMain] INFO  o.s.b.w.e.tomcat.TomcatWebServer - Tomcat initialized with port(s): 8012 (http)
14:58:09.734 logback [restartedMain] INFO  o.a.coyote.http11.Http11NioProtocol - Initializing ProtocolHandler ["http-nio-8012"]
14:58:09.734 logback [restartedMain] INFO  o.a.catalina.core.StandardService - Starting service [Tomcat]
14:58:09.734 logback [restartedMain] INFO  o.a.catalina.core.StandardEngine - Starting Servlet engine: [Apache Tomcat/9.0.31]
14:58:09.846 logback [restartedMain] INFO  o.a.c.c.C.[Tomcat].[localhost].[/] - Initializing Spring embedded WebApplicationContext
14:58:09.846 logback [restartedMain] INFO  o.s.web.context.ContextLoader - Root WebApplicationContext: initialization completed in 1398 ms
14:58:10.578 logback [restartedMain] INFO  o.s.s.c.ThreadPoolTaskExecutor - Initializing ExecutorService 'applicationTaskExecutor'
14:58:10.612 logback [restartedMain] INFO  o.s.b.d.a.OptionalLiveReloadServer - LiveReload server is running on port 35729
14:58:10.678 logback [restartedMain] WARN  o.s.b.a.t.ThymeleafAutoConfiguration$DefaultTemplateResolverConfiguration - Cannot find template location: classpath:/templates/ (please add some templates or check your Thymeleaf configuration)
14:58:10.858 logback [restartedMain] INFO  s.d.s.w.p.DocumentationPluginsBootstrapper - Context refreshed
14:58:10.867 logback [restartedMain] INFO  s.d.s.w.p.DocumentationPluginsBootstrapper - Found 1 custom documentation plugin(s)
14:58:10.877 logback [restartedMain] INFO  s.d.s.w.s.ApiListingReferenceScanner - Scanning for api listing references
14:58:11.017 logback [restartedMain] INFO  o.a.coyote.http11.Http11NioProtocol - Starting ProtocolHandler ["http-nio-8012"]
14:58:11.042 logback [restartedMain] INFO  o.s.b.w.e.tomcat.TomcatWebServer - Tomcat started on port(s): 8012 (http) with context path ''
14:58:11.044 logback [restartedMain] INFO  c.e.s.SpringbootSonApplication - Started SpringbootSonApplication in 2.995 seconds (JVM running for 3.501)
14:58:17.881 logback [http-nio-8012-exec-1] INFO  o.a.c.c.C.[Tomcat].[localhost].[/] - Initializing Spring DispatcherServlet 'dispatcherServlet'
14:58:17.881 logback [http-nio-8012-exec-1] INFO  o.s.web.servlet.DispatcherServlet - Initializing Servlet 'dispatcherServlet'
14:58:17.886 logback [http-nio-8012-exec-1] INFO  o.s.web.servlet.DispatcherServlet - Completed initialization in 5 ms
14:58:17.942 logback [http-nio-8012-exec-1] INFO  com.zaxxer.hikari.HikariDataSource - HikariPool-1 - Starting...
14:58:17.944 logback [http-nio-8012-exec-1] WARN  c.z.hikari.util.DriverDataSource - Registered driver with driverClassName=com.mysql.jdbc.Driver was not found, trying direct instantiation.
14:58:18.799 logback [http-nio-8012-exec-1] INFO  com.zaxxer.hikari.HikariDataSource - HikariPool-1 - Start completed.
16:44:52.743 logback [SpringContextShutdownHook] INFO  o.s.s.c.ThreadPoolTaskExecutor - Shutting down ExecutorService 'applicationTaskExecutor'
16:44:52.796 logback [SpringContextShutdownHook] INFO  com.zaxxer.hikari.HikariDataSource - HikariPool-1 - Shutdown initiated...
16:44:52.808 logback [SpringContextShutdownHook] INFO  com.zaxxer.hikari.HikariDataSource - HikariPool-1 - Shutdown completed.
18:00:51.724 logback [restartedMain] INFO  c.e.s.SpringbootSonApplication - Starting SpringbootSonApplication on cengyujundeMacBook-Pro.local with PID 2807 (/Users/cengyujun/java_objct/springboot_son/target/classes started by cengyujun in /Users/cengyujun/java_objct/springboot_son)
18:00:51.727 logback [restartedMain] INFO  c.e.s.SpringbootSonApplication - The following profiles are active: dev
18:00:51.779 logback [restartedMain] INFO  o.s.b.d.e.DevToolsPropertyDefaultsPostProcessor - Devtools property defaults active! Set 'spring.devtools.add-properties' to 'false' to disable
18:00:51.780 logback [restartedMain] INFO  o.s.b.d.e.DevToolsPropertyDefaultsPostProcessor - For additional web related logging consider setting the 'logging.level.web' property to 'DEBUG'
18:00:52.646 logback [restartedMain] INFO  o.s.d.r.c.RepositoryConfigurationDelegate - Multiple Spring Data modules found, entering strict repository configuration mode!
18:00:52.654 logback [restartedMain] INFO  o.s.d.r.c.RepositoryConfigurationDelegate - Bootstrapping Spring Data Redis repositories in DEFAULT mode.
18:00:52.706 logback [restartedMain] INFO  o.s.d.r.c.RepositoryConfigurationDelegate - Finished Spring Data repository scanning in 23ms. Found 0 Redis repository interfaces.
18:00:53.363 logback [restartedMain] INFO  o.s.b.w.e.tomcat.TomcatWebServer - Tomcat initialized with port(s): 8012 (http)
18:00:53.374 logback [restartedMain] INFO  o.a.coyote.http11.Http11NioProtocol - Initializing ProtocolHandler ["http-nio-8012"]
18:00:53.375 logback [restartedMain] INFO  o.a.catalina.core.StandardService - Starting service [Tomcat]
18:00:53.375 logback [restartedMain] INFO  o.a.catalina.core.StandardEngine - Starting Servlet engine: [Apache Tomcat/9.0.31]
18:00:53.505 logback [restartedMain] INFO  o.a.c.c.C.[Tomcat].[localhost].[/] - Initializing Spring embedded WebApplicationContext
18:00:53.506 logback [restartedMain] INFO  o.s.web.context.ContextLoader - Root WebApplicationContext: initialization completed in 1725 ms
18:00:54.418 logback [restartedMain] INFO  o.s.s.c.ThreadPoolTaskExecutor - Initializing ExecutorService 'applicationTaskExecutor'
18:00:54.464 logback [restartedMain] INFO  o.s.b.d.a.OptionalLiveReloadServer - LiveReload server is running on port 35729
18:00:54.554 logback [restartedMain] WARN  o.s.b.a.t.ThymeleafAutoConfiguration$DefaultTemplateResolverConfiguration - Cannot find template location: classpath:/templates/ (please add some templates or check your Thymeleaf configuration)
18:00:54.721 logback [restartedMain] INFO  s.d.s.w.p.DocumentationPluginsBootstrapper - Context refreshed
18:00:54.736 logback [restartedMain] INFO  s.d.s.w.p.DocumentationPluginsBootstrapper - Found 1 custom documentation plugin(s)
18:00:54.746 logback [restartedMain] INFO  s.d.s.w.s.ApiListingReferenceScanner - Scanning for api listing references
18:00:54.910 logback [restartedMain] INFO  o.a.coyote.http11.Http11NioProtocol - Starting ProtocolHandler ["http-nio-8012"]
18:00:54.936 logback [restartedMain] INFO  o.s.b.w.e.tomcat.TomcatWebServer - Tomcat started on port(s): 8012 (http) with context path ''
18:00:54.939 logback [restartedMain] INFO  c.e.s.SpringbootSonApplication - Started SpringbootSonApplication in 3.86 seconds (JVM running for 4.637)
18:03:13.459 logback [SpringContextShutdownHook] INFO  o.s.s.c.ThreadPoolTaskExecutor - Shutting down ExecutorService 'applicationTaskExecutor'
